#
# A fatal error has been detected by the Java Runtime Environment:
#
#  EXCEPTION_ACCESS_VIOLATION (0xc0000005) at pc=0x00007ffecc9895aa, pid=9856, tid=18112
#
# JRE version: OpenJDK Runtime Environment (19.0.2+7) (build 19.0.2+7-44)
# Java VM: OpenJDK 64-Bit Server VM (19.0.2+7-44, mixed mode, sharing, tiered, compressed oops, compressed class ptrs, g1 gc, windows-amd64)
# Problematic frame:
# C  [igxelpicd64.dll+0x2895aa]
#
# No core dump will be written. Minidumps are not enabled by default on client versions of Windows
#
# If you would like to submit a bug report, please visit:
#   https://bugreport.java.com/bugreport/crash.jsp
#

---------------  S U M M A R Y ------------

Command Line: -Djava.library.path=C:\RubicCube\lib -javaagent:C:\Program Files\JetBrains\IntelliJ IDEA Community Edition 2022.3.2\lib\idea_rt.jar=54312:C:\Program Files\JetBrains\IntelliJ IDEA Community Edition 2022.3.2\bin -Dfile.encoding=UTF-8 -Dsun.stdout.encoding=UTF-8 -Dsun.stderr.encoding=UTF-8 MainApp

Host: 12th Gen Intel(R) Core(TM) i5-1245U, 12 cores, 31G,  Windows 10 , 64 bit Build 19041 (10.0.19041.2546)
Time: Thu Mar 30 17:34:46 2023 Central Europe Daylight Time elapsed time: 61.793868 seconds (0d 0h 1m 1s)

---------------  T H R E A D  ---------------

Current thread (0x000002933c2ae940):  VMThread "VM Thread" [stack: 0x000000f4a2400000,0x000000f4a2500000] [id=18112]

Stack: [0x000000f4a2400000,0x000000f4a2500000],  sp=0x000000f4a24fe350,  free space=1016k
Native frames: (J=compiled Java code, j=interpreted, Vv=VM code, C=native code)
C  [igxelpicd64.dll+0x2895aa]


siginfo: EXCEPTION_ACCESS_VIOLATION (0xc0000005), reading address 0x0000000000035f88


Registers:
RAX=0x000002934f946d48, RBX=0x0000000000000000, RCX=0x0000000000000000, RDX=0x00000000fffffff4
RSP=0x000000f4a24fe350, RBP=0x000000f4a24fe3b8, RSI=0x000002934f54c1a0, RDI=0x0000000000000000
R8 =0x0000000000000004, R9 =0x0000000000000000, R10=0x000002934f9470f8, R11=0x0000000000000246
R12=0x000002934f63a448, R13=0x0000000000000000, R14=0x000002934f946b20, R15=0x0000000000000016
RIP=0x00007ffecc9895aa, EFLAGS=0x0000000000010206


Register to memory mapping:

RIP=0x00007ffecc9895aa igxelpicd64.dll
RAX=0x000002934f946d48 points into unknown readable memory: 0x00000000002abd1d | 1d bd 2a 00 00 00 00 00
RBX=0x0 is NULL
RCX=0x0 is NULL
RDX=0x00000000fffffff4 is an unknown value
RSP=0x000000f4a24fe350 points into unknown readable memory: 0x00000293458ce7a0 | a0 e7 8c 45 93 02 00 00
RBP=0x000000f4a24fe3b8 points into unknown readable memory: 0x0000000000000017 | 17 00 00 00 00 00 00 00
RSI=0x000002934f54c1a0 points into unknown readable memory: 0x000002930fc20100 | 00 01 c2 0f 93 02 00 00
RDI=0x0 is NULL
R8 =0x0000000000000004 is an unknown value
R9 =0x0 is NULL
R10=0x000002934f9470f8 points into unknown readable memory: 0x000002934f94a630 | 30 a6 94 4f 93 02 00 00
R11=0x0000000000000246 is an unknown value
R12=0x000002934f63a448 points into unknown readable memory: 0x0000000000040000 | 00 00 04 00 00 00 00 00
R13=0x0 is NULL
R14=0x000002934f946b20 points into unknown readable memory: 0x00000293459d3a50 | 50 3a 9d 45 93 02 00 00
R15=0x0000000000000016 is an unknown value


Top of Stack: (sp=0x000000f4a24fe350)
0x000000f4a24fe350:   00000293458ce7a0 0000000000000000
0x000000f4a24fe360:   000000f4a24fe500 00007fff3b30d499
0x000000f4a24fe370:   000002934f94a630 0000000000000000
0x000000f4a24fe380:   00000293458ce7a0 000002934f9470f8
0x000000f4a24fe390:   0000000000000011 00007fff3ceb0ef4
0x000000f4a24fe3a0:   000002930fc20000 0000000000800003
0x000000f4a24fe3b0:   0000000000000100 0000000000000017
0x000000f4a24fe3c0:   00000000002ac11e 00007404169a0000
0x000000f4a24fe3d0:   000002934f63a448 0000000000000000
0x000000f4a24fe3e0:   0000000000000000 000002934f54c1a0
0x000000f4a24fe3f0:   000000f4a24fe500 00007ffecc781d5f
0x000000f4a24fe400:   000002934f54c100 0000000000000016
0x000000f4a24fe410:   00007f0000000000 0000000000000000
0x000000f4a24fe420:   000000f40000084c 0000000000000000
0x000000f4a24fe430:   0000000000000000 000000f4a24fe650
0x000000f4a24fe440:   0000000000000001 00007fff3ce2cb51 

Instructions: (pc=0x00007ffecc9895aa)
0x00007ffecc9894aa:   25 58 00 00 00 41 bd 20 00 00 00 48 8b 04 f8 4e
0x00007ffecc9894ba:   8b 2c 28 40 8a 7d 58 4c 3b 2d 10 be d5 00 45 0f
0x00007ffecc9894ca:   44 f8 44 89 7d 50 48 85 c9 0f 84 68 07 00 00 33
0x00007ffecc9894da:   db 4c 8b f1 4c 8d 91 d8 05 00 00 4c 89 55 d0 49
0x00007ffecc9894ea:   8b 02 48 89 45 b8 40 84 ff 74 10 48 8b d1 48 8b
0x00007ffecc9894fa:   09 e8 40 ca df ff e9 ef 06 00 00 44 8b 86 c8 01
0x00007ffecc98950a:   00 00 48 8b 05 cd 5e c5 00 83 b8 78 03 00 00 02
0x00007ffecc98951a:   0f 85 1d 02 00 00 41 8d 50 f0 41 83 f8 10 73 11
0x00007ffecc98952a:   4a 8d 04 c5 21 00 00 00 49 03 c0 48 8d 04 c1 eb
0x00007ffecc98953a:   5b 8b c2 c1 e8 04 83 f8 03 73 1f 0f ae e8 8b ca
0x00007ffecc98954a:   83 e1 0f 4d 8b 8c c6 88 05 00 00 4d 85 c9 74 21
0x00007ffecc98955a:   48 8d 0c c9 49 8d 04 c9 eb 32 48 8b 81 a0 05 00
0x00007ffecc98956a:   00 eb 09 44 39 00 74 2f 48 8b 40 50 48 85 c0 75
0x00007ffecc98957a:   f2 41 38 9e a8 05 00 00 74 23 41 8b c0 83 e0 0f
0x00007ffecc98958a:   48 8d 04 c0 48 8d 40 21 49 8d 04 c6 48 85 c0 74
0x00007ffecc98959a:   0c 48 8b 48 08 eb 09 48 83 c0 08 eb ef 48 8b cb
0x00007ffecc9895aa:   49 3b 8d 88 5f 03 00 0f 86 86 01 00 00 41 83 f8
0x00007ffecc9895ba:   10 73 0d 4a 8d 04 c5 21 00 00 00 49 03 c0 eb 55
0x00007ffecc9895ca:   8b c2 c1 e8 04 83 f8 03 73 1d 0f ae e8 83 e2 0f
0x00007ffecc9895da:   4d 8b 8c c6 88 05 00 00 4d 85 c9 74 21 48 8d 0c
0x00007ffecc9895ea:   d2 49 8d 04 c9 eb 32 49 8b 86 a0 05 00 00 eb 09
0x00007ffecc9895fa:   44 39 00 74 2f 48 8b 40 50 48 85 c0 75 f2 41 38
0x00007ffecc98960a:   9e a8 05 00 00 74 23 41 8b c0 83 e0 0f 48 8d 04
0x00007ffecc98961a:   c0 48 8d 40 21 49 8d 04 c6 48 85 c0 74 0c 48 8b
0x00007ffecc98962a:   48 08 eb 09 48 83 c0 08 eb ef 48 8b cb 49 3b 8e
0x00007ffecc98963a:   50 06 00 00 0f 86 f9 00 00 00 48 8b 86 78 02 00
0x00007ffecc98964a:   00 49 89 02 4c 89 b6 78 02 00 00 ff 86 80 02 00
0x00007ffecc98965a:   00 49 8b 46 08 48 8b 88 18 01 00 00 48 81 e1 00
0x00007ffecc98966a:   00 ff ff 48 81 c1 00 00 01 00 48 01 8e 88 02 00
0x00007ffecc98967a:   00 ba 01 00 00 00 49 8b 4e 08 e8 17 34 db ff 48
0x00007ffecc98968a:   01 86 a0 02 00 00 45 85 ff 0f 84 9a 00 00 00 49
0x00007ffecc98969a:   8b 9d 28 57 03 00 0f 57 c0 f3 0f 7f 45 d8 45 33 


Stack slot to memory mapping:
stack at sp + 0 slots: 0x00000293458ce7a0 points into unknown readable memory: 0xffffffffffffffff | ff ff ff ff ff ff ff ff
stack at sp + 1 slots: 0x0 is NULL
stack at sp + 2 slots: 0x000000f4a24fe500 points into unknown readable memory: 0x0000000000000000 | 00 00 00 00 00 00 00 00
stack at sp + 3 slots: 0x00007fff3b30d499 USER32.dll
stack at sp + 4 slots: 0x000002934f94a630 points into unknown readable memory: 0x00000293459d3a50 | 50 3a 9d 45 93 02 00 00
stack at sp + 5 slots: 0x0 is NULL
stack at sp + 6 slots: 0x00000293458ce7a0 points into unknown readable memory: 0xffffffffffffffff | ff ff ff ff ff ff ff ff
stack at sp + 7 slots: 0x000002934f9470f8 points into unknown readable memory: 0x000002934f94a630 | 30 a6 94 4f 93 02 00 00

VM_Operation (0x000000f4a4efe780): Exit, mode: safepoint, requested by thread 0x000002934661eb80


---------------  P R O C E S S  ---------------

Threads class SMR info:
_java_thread_list=0x000002934f35b560, length=19, elements={
0x0000029343008700, 0x00000293430094f0, 0x000002934300b410, 0x000002934300de90,
0x0000029343012a50, 0x0000029343013820, 0x00000293430185d0, 0x0000029343018f40,
0x0000029343027310, 0x0000029343127690, 0x0000029343127be0, 0x0000029343124c10,
0x0000029343127140, 0x0000029343125c00, 0x0000029343126150, 0x00000293431256b0,
0x00000293431266a0, 0x000002934661d0f0, 0x000002934661eb80
}

Java Threads: ( => current thread )
  0x0000029343008700 JavaThread "Reference Handler" daemon [_thread_blocked, id=2108, stack(0x000000f4a2500000,0x000000f4a2600000)]
  0x00000293430094f0 JavaThread "Finalizer" daemon [_thread_blocked, id=9624, stack(0x000000f4a2600000,0x000000f4a2700000)]
  0x000002934300b410 JavaThread "Signal Dispatcher" daemon [_thread_blocked, id=12672, stack(0x000000f4a2700000,0x000000f4a2800000)]
  0x000002934300de90 JavaThread "Attach Listener" daemon [_thread_blocked, id=17572, stack(0x000000f4a2800000,0x000000f4a2900000)]
  0x0000029343012a50 JavaThread "Service Thread" daemon [_thread_blocked, id=20444, stack(0x000000f4a2900000,0x000000f4a2a00000)]
  0x0000029343013820 JavaThread "Monitor Deflation Thread" daemon [_thread_blocked, id=1748, stack(0x000000f4a2a00000,0x000000f4a2b00000)]
  0x00000293430185d0 JavaThread "C2 CompilerThread0" daemon [_thread_blocked, id=10288, stack(0x000000f4a2b00000,0x000000f4a2c00000)]
  0x0000029343018f40 JavaThread "C1 CompilerThread0" daemon [_thread_blocked, id=12644, stack(0x000000f4a2c00000,0x000000f4a2d00000)]
  0x0000029343027310 JavaThread "Sweeper thread" daemon [_thread_blocked, id=21492, stack(0x000000f4a2d00000,0x000000f4a2e00000)]
  0x0000029343127690 JavaThread "Common-Cleaner" daemon [_thread_blocked, id=18400, stack(0x000000f4a2e00000,0x000000f4a2f00000)]
  0x0000029343127be0 JavaThread "Monitor Ctrl-Break" daemon [_thread_in_native, id=20000, stack(0x000000f4a2f00000,0x000000f4a3000000)]
  0x0000029343124c10 JavaThread "Notification Thread" daemon [_thread_blocked, id=18980, stack(0x000000f4a3000000,0x000000f4a3100000)]
  0x0000029343127140 JavaThread "Java2D Disposer" daemon [_thread_blocked, id=17868, stack(0x000000f4a3200000,0x000000f4a3300000)]
  0x0000029343125c00 JavaThread "AWT-Shutdown" [_thread_blocked, id=13348, stack(0x000000f4a3300000,0x000000f4a3400000)]
  0x0000029343126150 JavaThread "AWT-EventQueue-0" [_thread_blocked, id=14584, stack(0x000000f4a3500000,0x000000f4a3600000)]
  0x00000293431256b0 JavaThread "DestroyJavaVM" [_thread_blocked, id=20624, stack(0x000000f4a1e00000,0x000000f4a1f00000)]
  0x00000293431266a0 JavaThread "TimerQueue" daemon [_thread_blocked, id=20308, stack(0x000000f4a3600000,0x000000f4a3700000)]
  0x000002934661d0f0 JavaThread "HighResTimerThread" daemon [_thread_blocked, id=17320, stack(0x000000f4a4c00000,0x000000f4a4d00000)]
  0x000002934661eb80 JavaThread "AWT-EventQueue-0-FPSAWTAnimator#00-Timer0" [_thread_blocked, id=16252, stack(0x000000f4a4e00000,0x000000f4a4f00000)]

Other Threads:
=>0x000002933c2ae940 VMThread "VM Thread" [stack: 0x000000f4a2400000,0x000000f4a2500000] [id=18112]
  0x00000293117a1390 WorkerThread "GC Thread#0" [stack: 0x000000f4a1f00000,0x000000f4a2000000] [id=16376]
  0x00000293436bf070 WorkerThread "GC Thread#1" [stack: 0x000000f4a3b00000,0x000000f4a3c00000] [id=15008]
  0x00000293436bfe80 WorkerThread "GC Thread#2" [stack: 0x000000f4a3c00000,0x000000f4a3d00000] [id=17356]
  0x00000293436c0c90 WorkerThread "GC Thread#3" [stack: 0x000000f4a3d00000,0x000000f4a3e00000] [id=20368]
  0x00000293436c0150 WorkerThread "GC Thread#4" [stack: 0x000000f4a3e00000,0x000000f4a3f00000] [id=20060]
  0x00000293436c09c0 WorkerThread "GC Thread#5" [stack: 0x000000f4a3f00000,0x000000f4a4000000] [id=13332]
  0x00000293436c0420 WorkerThread "GC Thread#6" [stack: 0x000000f4a4000000,0x000000f4a4100000] [id=15016]
  0x00000293436c06f0 WorkerThread "GC Thread#7" [stack: 0x000000f4a4100000,0x000000f4a4200000] [id=14152]
  0x00000293436bfbb0 WorkerThread "GC Thread#8" [stack: 0x000000f4a4200000,0x000000f4a4300000] [id=20960]
  0x00000293436bf340 WorkerThread "GC Thread#9" [stack: 0x000000f4a4300000,0x000000f4a4400000] [id=1152]
  0x000002933c0c3fe0 ConcurrentGCThread "G1 Main Marker" terminated
  0x000002933c0c4920 WorkerThread "G1 Conc#0" [stack: 0x000000f4a2100000,0x000000f4a2200000] [id=3660]
  0x000002933c163e50 ConcurrentGCThread "G1 Refine#0" terminated
  0x000002933c1648a0 ConcurrentGCThread "G1 Service" terminated

Threads with active compile tasks:

VM state: at safepoint (shutting down)

VM Mutex/Monitor currently owned by a thread:  ([mutex/lock_event])
[0x00000293116ee8a0] Threads_lock - owner thread: 0x000002933c2ae940
[0x00000293116ee930] Heap_lock - owner thread: 0x000002934661eb80

Heap address: 0x0000000605800000, size: 8104 MB, Compressed Oops mode: Zero based, Oop shift amount: 3

CDS archive(s) mapped at: [0x0000000800000000-0x0000000800c40000-0x0000000800c40000), size 12845056, SharedBaseAddress: 0x0000000800000000, ArchiveRelocationMode: 0.
Compressed class space mapped at: 0x0000000801000000-0x0000000841000000, reserved size: 1073741824
Narrow klass base: 0x0000000800000000, Narrow klass shift: 0, Narrow klass range: 0x100000000

GC Precious Log:
 CardTable entry size: 512
 Card Set container configuration: InlinePtr #cards 4 size 8 Array Of Cards #cards 32 size 80 Howl #buckets 8 coarsen threshold 7372 Howl Bitmap #cards 1024 size 144 coarsen threshold 921 Card regions per heap region 1 cards per card region 8192
 CPUs: 12 total, 12 available
 Memory: 32400M
 Large Page Support: Disabled
 NUMA Support: Disabled
 Compressed Oops: Enabled (Zero based)
 Heap Region Size: 4M
 Heap Min Capacity: 8M
 Heap Initial Capacity: 508M
 Heap Max Capacity: 8104M
 Pre-touch: Disabled
 Parallel Workers: 10
 Concurrent Workers: 3
 Concurrent Refinement Workers: 10
 Periodic GC: Disabled

Heap:
 garbage-first heap   total 520192K, used 63475K [0x0000000605800000, 0x0000000800000000)
  region size 4096K, 14 young (57344K), 1 survivors (4096K)
 Metaspace       used 20961K, committed 21312K, reserved 1114112K
  class space    used 1795K, committed 1984K, reserved 1048576K

Heap Regions: E=young(eden), S=young(survivor), O=old, HS=humongous(starts), HC=humongous(continues), CS=collection set, F=free, OA=open archive, CA=closed archive, TAMS=top-at-mark-start (previous, next)
|   0|0x0000000605800000, 0x0000000605c00000, 0x0000000605c00000|100%|HS|  |TAMS 0x0000000605800000, 0x0000000605800000| Complete 
|   1|0x0000000605c00000, 0x0000000606000000, 0x0000000606000000|100%|HC|  |TAMS 0x0000000605c00000, 0x0000000605c00000| Complete 
|   2|0x0000000606000000, 0x0000000606400000, 0x0000000606400000|100%|HS|  |TAMS 0x0000000606000000, 0x0000000606000000| Complete 
|   3|0x0000000606400000, 0x0000000606737600, 0x0000000606800000| 80%| O|  |TAMS 0x0000000606400000, 0x0000000606400000| Untracked 
|   4|0x0000000606800000, 0x0000000606800000, 0x0000000606c00000|  0%| F|  |TAMS 0x0000000606800000, 0x0000000606800000| Untracked 
|   5|0x0000000606c00000, 0x0000000606c00000, 0x0000000607000000|  0%| F|  |TAMS 0x0000000606c00000, 0x0000000606c00000| Untracked 
|   6|0x0000000607000000, 0x0000000607000000, 0x0000000607400000|  0%| F|  |TAMS 0x0000000607000000, 0x0000000607000000| Untracked 
|   7|0x0000000607400000, 0x0000000607400000, 0x0000000607800000|  0%| F|  |TAMS 0x0000000607400000, 0x0000000607400000| Untracked 
|   8|0x0000000607800000, 0x0000000607800000, 0x0000000607c00000|  0%| F|  |TAMS 0x0000000607800000, 0x0000000607800000| Untracked 
|   9|0x0000000607c00000, 0x0000000607c00000, 0x0000000608000000|  0%| F|  |TAMS 0x0000000607c00000, 0x0000000607c00000| Untracked 
|  10|0x0000000608000000, 0x0000000608000000, 0x0000000608400000|  0%| F|  |TAMS 0x0000000608000000, 0x0000000608000000| Untracked 
|  11|0x0000000608400000, 0x0000000608400000, 0x0000000608800000|  0%| F|  |TAMS 0x0000000608400000, 0x0000000608400000| Untracked 
|  12|0x0000000608800000, 0x0000000608800000, 0x0000000608c00000|  0%| F|  |TAMS 0x0000000608800000, 0x0000000608800000| Untracked 
|  13|0x0000000608c00000, 0x0000000608c00000, 0x0000000609000000|  0%| F|  |TAMS 0x0000000608c00000, 0x0000000608c00000| Untracked 
|  14|0x0000000609000000, 0x0000000609000000, 0x0000000609400000|  0%| F|  |TAMS 0x0000000609000000, 0x0000000609000000| Untracked 
|  15|0x0000000609400000, 0x0000000609400000, 0x0000000609800000|  0%| F|  |TAMS 0x0000000609400000, 0x0000000609400000| Untracked 
|  16|0x0000000609800000, 0x0000000609800000, 0x0000000609c00000|  0%| F|  |TAMS 0x0000000609800000, 0x0000000609800000| Untracked 
|  17|0x0000000609c00000, 0x0000000609c00000, 0x000000060a000000|  0%| F|  |TAMS 0x0000000609c00000, 0x0000000609c00000| Untracked 
|  18|0x000000060a000000, 0x000000060a000000, 0x000000060a400000|  0%| F|  |TAMS 0x000000060a000000, 0x000000060a000000| Untracked 
|  19|0x000000060a400000, 0x000000060a400000, 0x000000060a800000|  0%| F|  |TAMS 0x000000060a400000, 0x000000060a400000| Untracked 
|  20|0x000000060a800000, 0x000000060a800000, 0x000000060ac00000|  0%| F|  |TAMS 0x000000060a800000, 0x000000060a800000| Untracked 
|  21|0x000000060ac00000, 0x000000060ac00000, 0x000000060b000000|  0%| F|  |TAMS 0x000000060ac00000, 0x000000060ac00000| Untracked 
|  22|0x000000060b000000, 0x000000060b000000, 0x000000060b400000|  0%| F|  |TAMS 0x000000060b000000, 0x000000060b000000| Untracked 
|  23|0x000000060b400000, 0x000000060b400000, 0x000000060b800000|  0%| F|  |TAMS 0x000000060b400000, 0x000000060b400000| Untracked 
|  24|0x000000060b800000, 0x000000060b800000, 0x000000060bc00000|  0%| F|  |TAMS 0x000000060b800000, 0x000000060b800000| Untracked 
|  25|0x000000060bc00000, 0x000000060bc00000, 0x000000060c000000|  0%| F|  |TAMS 0x000000060bc00000, 0x000000060bc00000| Untracked 
|  26|0x000000060c000000, 0x000000060c000000, 0x000000060c400000|  0%| F|  |TAMS 0x000000060c000000, 0x000000060c000000| Untracked 
|  27|0x000000060c400000, 0x000000060c400000, 0x000000060c800000|  0%| F|  |TAMS 0x000000060c400000, 0x000000060c400000| Untracked 
|  28|0x000000060c800000, 0x000000060c800000, 0x000000060cc00000|  0%| F|  |TAMS 0x000000060c800000, 0x000000060c800000| Untracked 
|  29|0x000000060cc00000, 0x000000060cc00000, 0x000000060d000000|  0%| F|  |TAMS 0x000000060cc00000, 0x000000060cc00000| Untracked 
|  30|0x000000060d000000, 0x000000060d000000, 0x000000060d400000|  0%| F|  |TAMS 0x000000060d000000, 0x000000060d000000| Untracked 
|  31|0x000000060d400000, 0x000000060d400000, 0x000000060d800000|  0%| F|  |TAMS 0x000000060d400000, 0x000000060d400000| Untracked 
|  32|0x000000060d800000, 0x000000060d800000, 0x000000060dc00000|  0%| F|  |TAMS 0x000000060d800000, 0x000000060d800000| Untracked 
|  33|0x000000060dc00000, 0x000000060dc00000, 0x000000060e000000|  0%| F|  |TAMS 0x000000060dc00000, 0x000000060dc00000| Untracked 
|  34|0x000000060e000000, 0x000000060e000000, 0x000000060e400000|  0%| F|  |TAMS 0x000000060e000000, 0x000000060e000000| Untracked 
|  35|0x000000060e400000, 0x000000060e400000, 0x000000060e800000|  0%| F|  |TAMS 0x000000060e400000, 0x000000060e400000| Untracked 
|  36|0x000000060e800000, 0x000000060e800000, 0x000000060ec00000|  0%| F|  |TAMS 0x000000060e800000, 0x000000060e800000| Untracked 
|  37|0x000000060ec00000, 0x000000060ec00000, 0x000000060f000000|  0%| F|  |TAMS 0x000000060ec00000, 0x000000060ec00000| Untracked 
|  38|0x000000060f000000, 0x000000060f000000, 0x000000060f400000|  0%| F|  |TAMS 0x000000060f000000, 0x000000060f000000| Untracked 
|  39|0x000000060f400000, 0x000000060f400000, 0x000000060f800000|  0%| F|  |TAMS 0x000000060f400000, 0x000000060f400000| Untracked 
|  40|0x000000060f800000, 0x000000060f800000, 0x000000060fc00000|  0%| F|  |TAMS 0x000000060f800000, 0x000000060f800000| Untracked 
|  41|0x000000060fc00000, 0x000000060fc00000, 0x0000000610000000|  0%| F|  |TAMS 0x000000060fc00000, 0x000000060fc00000| Untracked 
|  42|0x0000000610000000, 0x0000000610000000, 0x0000000610400000|  0%| F|  |TAMS 0x0000000610000000, 0x0000000610000000| Untracked 
|  43|0x0000000610400000, 0x0000000610400000, 0x0000000610800000|  0%| F|  |TAMS 0x0000000610400000, 0x0000000610400000| Untracked 
|  44|0x0000000610800000, 0x0000000610800000, 0x0000000610c00000|  0%| F|  |TAMS 0x0000000610800000, 0x0000000610800000| Untracked 
|  45|0x0000000610c00000, 0x0000000610c00000, 0x0000000611000000|  0%| F|  |TAMS 0x0000000610c00000, 0x0000000610c00000| Untracked 
|  46|0x0000000611000000, 0x0000000611000000, 0x0000000611400000|  0%| F|  |TAMS 0x0000000611000000, 0x0000000611000000| Untracked 
|  47|0x0000000611400000, 0x0000000611400000, 0x0000000611800000|  0%| F|  |TAMS 0x0000000611400000, 0x0000000611400000| Untracked 
|  48|0x0000000611800000, 0x0000000611800000, 0x0000000611c00000|  0%| F|  |TAMS 0x0000000611800000, 0x0000000611800000| Untracked 
|  49|0x0000000611c00000, 0x0000000611c00000, 0x0000000612000000|  0%| F|  |TAMS 0x0000000611c00000, 0x0000000611c00000| Untracked 
|  50|0x0000000612000000, 0x0000000612000000, 0x0000000612400000|  0%| F|  |TAMS 0x0000000612000000, 0x0000000612000000| Untracked 
|  51|0x0000000612400000, 0x0000000612400000, 0x0000000612800000|  0%| F|  |TAMS 0x0000000612400000, 0x0000000612400000| Untracked 
|  52|0x0000000612800000, 0x0000000612800000, 0x0000000612c00000|  0%| F|  |TAMS 0x0000000612800000, 0x0000000612800000| Untracked 
|  53|0x0000000612c00000, 0x0000000612c00000, 0x0000000613000000|  0%| F|  |TAMS 0x0000000612c00000, 0x0000000612c00000| Untracked 
|  54|0x0000000613000000, 0x0000000613000000, 0x0000000613400000|  0%| F|  |TAMS 0x0000000613000000, 0x0000000613000000| Untracked 
|  55|0x0000000613400000, 0x0000000613400000, 0x0000000613800000|  0%| F|  |TAMS 0x0000000613400000, 0x0000000613400000| Untracked 
|  56|0x0000000613800000, 0x0000000613800000, 0x0000000613c00000|  0%| F|  |TAMS 0x0000000613800000, 0x0000000613800000| Untracked 
|  57|0x0000000613c00000, 0x0000000613c00000, 0x0000000614000000|  0%| F|  |TAMS 0x0000000613c00000, 0x0000000613c00000| Untracked 
|  58|0x0000000614000000, 0x0000000614000000, 0x0000000614400000|  0%| F|  |TAMS 0x0000000614000000, 0x0000000614000000| Untracked 
|  59|0x0000000614400000, 0x0000000614400000, 0x0000000614800000|  0%| F|  |TAMS 0x0000000614400000, 0x0000000614400000| Untracked 
|  60|0x0000000614800000, 0x0000000614800000, 0x0000000614c00000|  0%| F|  |TAMS 0x0000000614800000, 0x0000000614800000| Untracked 
|  61|0x0000000614c00000, 0x0000000614c00000, 0x0000000615000000|  0%| F|  |TAMS 0x0000000614c00000, 0x0000000614c00000| Untracked 
|  62|0x0000000615000000, 0x0000000615000000, 0x0000000615400000|  0%| F|  |TAMS 0x0000000615000000, 0x0000000615000000| Untracked 
|  63|0x0000000615400000, 0x0000000615400000, 0x0000000615800000|  0%| F|  |TAMS 0x0000000615400000, 0x0000000615400000| Untracked 
|  64|0x0000000615800000, 0x0000000615800000, 0x0000000615c00000|  0%| F|  |TAMS 0x0000000615800000, 0x0000000615800000| Untracked 
|  65|0x0000000615c00000, 0x0000000615c00000, 0x0000000616000000|  0%| F|  |TAMS 0x0000000615c00000, 0x0000000615c00000| Untracked 
|  66|0x0000000616000000, 0x0000000616000000, 0x0000000616400000|  0%| F|  |TAMS 0x0000000616000000, 0x0000000616000000| Untracked 
|  67|0x0000000616400000, 0x0000000616400000, 0x0000000616800000|  0%| F|  |TAMS 0x0000000616400000, 0x0000000616400000| Untracked 
|  68|0x0000000616800000, 0x0000000616800000, 0x0000000616c00000|  0%| F|  |TAMS 0x0000000616800000, 0x0000000616800000| Untracked 
|  69|0x0000000616c00000, 0x0000000616c00000, 0x0000000617000000|  0%| F|  |TAMS 0x0000000616c00000, 0x0000000616c00000| Untracked 
|  70|0x0000000617000000, 0x0000000617000000, 0x0000000617400000|  0%| F|  |TAMS 0x0000000617000000, 0x0000000617000000| Untracked 
|  71|0x0000000617400000, 0x0000000617400000, 0x0000000617800000|  0%| F|  |TAMS 0x0000000617400000, 0x0000000617400000| Untracked 
|  72|0x0000000617800000, 0x0000000617800000, 0x0000000617c00000|  0%| F|  |TAMS 0x0000000617800000, 0x0000000617800000| Untracked 
|  73|0x0000000617c00000, 0x0000000617c00000, 0x0000000618000000|  0%| F|  |TAMS 0x0000000617c00000, 0x0000000617c00000| Untracked 
|  74|0x0000000618000000, 0x0000000618000000, 0x0000000618400000|  0%| F|  |TAMS 0x0000000618000000, 0x0000000618000000| Untracked 
|  75|0x0000000618400000, 0x0000000618400000, 0x0000000618800000|  0%| F|  |TAMS 0x0000000618400000, 0x0000000618400000| Untracked 
|  76|0x0000000618800000, 0x0000000618800000, 0x0000000618c00000|  0%| F|  |TAMS 0x0000000618800000, 0x0000000618800000| Untracked 
|  77|0x0000000618c00000, 0x0000000618c00000, 0x0000000619000000|  0%| F|  |TAMS 0x0000000618c00000, 0x0000000618c00000| Untracked 
|  78|0x0000000619000000, 0x0000000619000000, 0x0000000619400000|  0%| F|  |TAMS 0x0000000619000000, 0x0000000619000000| Untracked 
|  79|0x0000000619400000, 0x0000000619400000, 0x0000000619800000|  0%| F|  |TAMS 0x0000000619400000, 0x0000000619400000| Untracked 
|  80|0x0000000619800000, 0x0000000619800000, 0x0000000619c00000|  0%| F|  |TAMS 0x0000000619800000, 0x0000000619800000| Untracked 
|  81|0x0000000619c00000, 0x0000000619c00000, 0x000000061a000000|  0%| F|  |TAMS 0x0000000619c00000, 0x0000000619c00000| Untracked 
|  82|0x000000061a000000, 0x000000061a000000, 0x000000061a400000|  0%| F|  |TAMS 0x000000061a000000, 0x000000061a000000| Untracked 
|  83|0x000000061a400000, 0x000000061a400000, 0x000000061a800000|  0%| F|  |TAMS 0x000000061a400000, 0x000000061a400000| Untracked 
|  84|0x000000061a800000, 0x000000061a800000, 0x000000061ac00000|  0%| F|  |TAMS 0x000000061a800000, 0x000000061a800000| Untracked 
|  85|0x000000061ac00000, 0x000000061ac00000, 0x000000061b000000|  0%| F|  |TAMS 0x000000061ac00000, 0x000000061ac00000| Untracked 
|  86|0x000000061b000000, 0x000000061b000000, 0x000000061b400000|  0%| F|  |TAMS 0x000000061b000000, 0x000000061b000000| Untracked 
|  87|0x000000061b400000, 0x000000061b400000, 0x000000061b800000|  0%| F|  |TAMS 0x000000061b400000, 0x000000061b400000| Untracked 
|  88|0x000000061b800000, 0x000000061b800000, 0x000000061bc00000|  0%| F|  |TAMS 0x000000061b800000, 0x000000061b800000| Untracked 
|  89|0x000000061bc00000, 0x000000061bc00000, 0x000000061c000000|  0%| F|  |TAMS 0x000000061bc00000, 0x000000061bc00000| Untracked 
|  90|0x000000061c000000, 0x000000061c000000, 0x000000061c400000|  0%| F|  |TAMS 0x000000061c000000, 0x000000061c000000| Untracked 
|  91|0x000000061c400000, 0x000000061c400000, 0x000000061c800000|  0%| F|  |TAMS 0x000000061c400000, 0x000000061c400000| Untracked 
|  92|0x000000061c800000, 0x000000061c800000, 0x000000061cc00000|  0%| F|  |TAMS 0x000000061c800000, 0x000000061c800000| Untracked 
|  93|0x000000061cc00000, 0x000000061cc00000, 0x000000061d000000|  0%| F|  |TAMS 0x000000061cc00000, 0x000000061cc00000| Untracked 
|  94|0x000000061d000000, 0x000000061d000000, 0x000000061d400000|  0%| F|  |TAMS 0x000000061d000000, 0x000000061d000000| Untracked 
|  95|0x000000061d400000, 0x000000061d400000, 0x000000061d800000|  0%| F|  |TAMS 0x000000061d400000, 0x000000061d400000| Untracked 
|  96|0x000000061d800000, 0x000000061d800000, 0x000000061dc00000|  0%| F|  |TAMS 0x000000061d800000, 0x000000061d800000| Untracked 
|  97|0x000000061dc00000, 0x000000061dc00000, 0x000000061e000000|  0%| F|  |TAMS 0x000000061dc00000, 0x000000061dc00000| Untracked 
|  98|0x000000061e000000, 0x000000061e000000, 0x000000061e400000|  0%| F|  |TAMS 0x000000061e000000, 0x000000061e000000| Untracked 
|  99|0x000000061e400000, 0x000000061e400000, 0x000000061e800000|  0%| F|  |TAMS 0x000000061e400000, 0x000000061e400000| Untracked 
| 100|0x000000061e800000, 0x000000061e800000, 0x000000061ec00000|  0%| F|  |TAMS 0x000000061e800000, 0x000000061e800000| Untracked 
| 101|0x000000061ec00000, 0x000000061ec00000, 0x000000061f000000|  0%| F|  |TAMS 0x000000061ec00000, 0x000000061ec00000| Untracked 
| 102|0x000000061f000000, 0x000000061f000000, 0x000000061f400000|  0%| F|  |TAMS 0x000000061f000000, 0x000000061f000000| Untracked 
| 103|0x000000061f400000, 0x000000061f400000, 0x000000061f800000|  0%| F|  |TAMS 0x000000061f400000, 0x000000061f400000| Untracked 
| 104|0x000000061f800000, 0x000000061f800000, 0x000000061fc00000|  0%| F|  |TAMS 0x000000061f800000, 0x000000061f800000| Untracked 
| 105|0x000000061fc00000, 0x000000061fc00000, 0x0000000620000000|  0%| F|  |TAMS 0x000000061fc00000, 0x000000061fc00000| Untracked 
| 106|0x0000000620000000, 0x0000000620000000, 0x0000000620400000|  0%| F|  |TAMS 0x0000000620000000, 0x0000000620000000| Untracked 
| 107|0x0000000620400000, 0x0000000620400000, 0x0000000620800000|  0%| F|  |TAMS 0x0000000620400000, 0x0000000620400000| Untracked 
| 108|0x0000000620800000, 0x0000000620800000, 0x0000000620c00000|  0%| F|  |TAMS 0x0000000620800000, 0x0000000620800000| Untracked 
| 109|0x0000000620c00000, 0x0000000620c00000, 0x0000000621000000|  0%| F|  |TAMS 0x0000000620c00000, 0x0000000620c00000| Untracked 
| 110|0x0000000621000000, 0x0000000621000000, 0x0000000621400000|  0%| F|  |TAMS 0x0000000621000000, 0x0000000621000000| Untracked 
| 111|0x0000000621400000, 0x0000000621400000, 0x0000000621800000|  0%| F|  |TAMS 0x0000000621400000, 0x0000000621400000| Untracked 
| 112|0x0000000621800000, 0x0000000621800000, 0x0000000621c00000|  0%| F|  |TAMS 0x0000000621800000, 0x0000000621800000| Untracked 
| 113|0x0000000621c00000, 0x0000000621f5cb48, 0x0000000622000000| 84%| E|  |TAMS 0x0000000621c00000, 0x0000000621c00000| Complete 
| 114|0x0000000622000000, 0x0000000622400000, 0x0000000622400000|100%| E|CS|TAMS 0x0000000622000000, 0x0000000622000000| Complete 
| 115|0x0000000622400000, 0x0000000622800000, 0x0000000622800000|100%| E|CS|TAMS 0x0000000622400000, 0x0000000622400000| Complete 
| 116|0x0000000622800000, 0x0000000622c00000, 0x0000000622c00000|100%| E|CS|TAMS 0x0000000622800000, 0x0000000622800000| Complete 
| 117|0x0000000622c00000, 0x0000000623000000, 0x0000000623000000|100%| E|CS|TAMS 0x0000000622c00000, 0x0000000622c00000| Complete 
| 118|0x0000000623000000, 0x00000006232c58f8, 0x0000000623400000| 69%| S|CS|TAMS 0x0000000623000000, 0x0000000623000000| Complete 
| 119|0x0000000623400000, 0x0000000623800000, 0x0000000623800000|100%| E|CS|TAMS 0x0000000623400000, 0x0000000623400000| Complete 
| 120|0x0000000623800000, 0x0000000623c00000, 0x0000000623c00000|100%| E|CS|TAMS 0x0000000623800000, 0x0000000623800000| Complete 
| 121|0x0000000623c00000, 0x0000000624000000, 0x0000000624000000|100%| E|CS|TAMS 0x0000000623c00000, 0x0000000623c00000| Complete 
| 122|0x0000000624000000, 0x0000000624400000, 0x0000000624400000|100%| E|CS|TAMS 0x0000000624000000, 0x0000000624000000| Complete 
| 123|0x0000000624400000, 0x0000000624800000, 0x0000000624800000|100%| E|CS|TAMS 0x0000000624400000, 0x0000000624400000| Complete 
| 124|0x0000000624800000, 0x0000000624c00000, 0x0000000624c00000|100%| E|CS|TAMS 0x0000000624800000, 0x0000000624800000| Complete 
| 125|0x0000000624c00000, 0x0000000625000000, 0x0000000625000000|100%| E|CS|TAMS 0x0000000624c00000, 0x0000000624c00000| Complete 
| 126|0x0000000625000000, 0x0000000625400000, 0x0000000625400000|100%| E|  |TAMS 0x0000000625000000, 0x0000000625000000| Complete 

Card table byte_map: [0x000002932a330000,0x000002932b310000] _byte_map_base: 0x0000029327304000

Marking Bits (Prev, Next): (CMBitMap*) 0x00000293117a18d0, (CMBitMap*) 0x00000293117a1910
 Prev Bits: [0x000002932c2f0000, 0x0000029334190000)
 Next Bits: [0x0000029334190000, 0x000002933c030000)

Polling page: 0x000002930fe90000

Metaspace:

Usage:
  Non-class:     18.72 MB used.
      Class:      1.75 MB used.
       Both:     20.47 MB used.

Virtual space:
  Non-class space:       64.00 MB reserved,      18.88 MB ( 29%) committed,  1 nodes.
      Class space:        1.00 GB reserved,       1.94 MB ( <1%) committed,  1 nodes.
             Both:        1.06 GB reserved,      20.81 MB (  2%) committed. 

Chunk freelists:
   Non-Class:  592.00 KB
       Class:  2.11 MB
        Both:  2.69 MB

MaxMetaspaceSize: unlimited
CompressedClassSpaceSize: 1.00 GB
Initial GC threshold: 21.00 MB
Current GC threshold: 21.00 MB
CDS: on
MetaspaceReclaimPolicy: balanced
 - commit_granule_bytes: 65536.
 - commit_granule_words: 8192.
 - virtual_space_node_default_size: 8388608.
 - enlarge_chunks_in_place: 1.
 - new_chunks_are_fully_committed: 0.
 - uncommit_free_chunks: 1.
 - use_allocation_guard: 0.


Internal statistics:

num_allocs_failed_limit: 0.
num_arena_births: 302.
num_arena_deaths: 0.
num_vsnodes_births: 2.
num_vsnodes_deaths: 0.
num_space_committed: 329.
num_space_uncommitted: 0.
num_chunks_returned_to_freelist: 0.
num_chunks_taken_from_freelist: 663.
num_chunk_merges: 0.
num_chunk_splits: 482.
num_chunks_enlarged: 367.
num_inconsistent_stats: 0.

CodeHeap 'non-profiled nmethods': size=120000Kb used=1414Kb max_used=1414Kb free=118585Kb
 bounds [0x00000293211a0000, 0x0000029321410000, 0x00000293286d0000]
CodeHeap 'profiled nmethods': size=120000Kb used=5962Kb max_used=5962Kb free=114037Kb
 bounds [0x00000293196d0000, 0x0000029319cb0000, 0x0000029320c00000]
CodeHeap 'non-nmethods': size=5760Kb used=1734Kb max_used=1761Kb free=4025Kb
 bounds [0x0000029320c00000, 0x0000029320e70000, 0x00000293211a0000]
 total_blobs=4222 nmethods=3141 adapters=991
 compilation: enabled
              stopped_count=0, restarted_count=0
 full_count=0

Compilation events (20 events):
Event: 60.694 Thread 0x0000029343018f40 3134       3       java.awt.Rectangle::setBounds (10 bytes)
Event: 60.694 Thread 0x0000029343018f40 nmethod 3134 0x0000029319ca0210 code [0x0000029319ca03c0, 0x0000029319ca05b8]
Event: 60.694 Thread 0x0000029343018f40 3135       1       sun.awt.windows.WObjectPeer::getStateLock (5 bytes)
Event: 60.694 Thread 0x0000029343018f40 nmethod 3135 0x0000029321300b90 code [0x0000029321300d20, 0x0000029321300df8]
Event: 60.694 Thread 0x0000029343018f40 3136       1       sun.awt.image.BufImgVolatileSurfaceManager::isAccelerationEnabled (2 bytes)
Event: 60.694 Thread 0x0000029343018f40 nmethod 3136 0x0000029321300e90 code [0x0000029321301020, 0x00000293213010f8]
Event: 60.694 Thread 0x0000029343018f40 3137       3       sun.font.FontStrikeDesc::<init> (144 bytes)
Event: 60.695 Thread 0x0000029343018f40 nmethod 3137 0x0000029319ca0690 code [0x0000029319ca0840, 0x0000029319ca0c18]
Event: 60.695 Thread 0x0000029343018f40 3138   !   3       sun.font.FontStrikeDesc::equals (53 bytes)
Event: 60.695 Thread 0x0000029343018f40 nmethod 3138 0x0000029319ca0d10 code [0x0000029319ca0ee0, 0x0000029319ca12d8]
Event: 60.695 Thread 0x0000029343018f40 3139       3       sun.java2d.pipe.ValidatePipe::drawString (23 bytes)
Event: 60.696 Thread 0x0000029343018f40 nmethod 3139 0x0000029319ca1510 code [0x0000029319ca1700, 0x0000029319ca1c08]
Event: 60.696 Thread 0x0000029343018f40 3140       3       java.lang.Boolean::valueOf (14 bytes)
Event: 60.696 Thread 0x0000029343018f40 nmethod 3140 0x0000029319ca1e10 code [0x0000029319ca1fc0, 0x0000029319ca2138]
Event: 60.696 Thread 0x0000029343018f40 3141       1       sun.awt.image.VolatileSurfaceManager::contentsLost (5 bytes)
Event: 60.696 Thread 0x0000029343018f40 nmethod 3141 0x0000029321301190 code [0x0000029321301320, 0x00000293213013f8]
Event: 60.789 Thread 0x0000029343018f40 3142       3       java.util.concurrent.locks.AbstractQueuedSynchronizer$ConditionObject::signal (34 bytes)
Event: 60.789 Thread 0x0000029343018f40 nmethod 3142 0x0000029319ca2210 code [0x0000029319ca23e0, 0x0000029319ca2728]
Event: 61.392 Thread 0x00000293430185d0 3143       4       java.lang.StringConcatHelper::prepend (37 bytes)
Event: 61.394 Thread 0x00000293430185d0 nmethod 3143 0x0000029321301490 code [0x0000029321301620, 0x0000029321301798]

GC Heap History (4 events):
Event: 2.947 GC heap before
{Heap before GC invocations=0 (full 0):
 garbage-first heap   total 520192K, used 36864K [0x0000000605800000, 0x0000000800000000)
  region size 4096K, 6 young (24576K), 0 survivors (0K)
 Metaspace       used 11982K, committed 12224K, reserved 1114112K
  class space    used 1245K, committed 1344K, reserved 1048576K
}
Event: 2.960 GC heap after
{Heap after GC invocations=1 (full 0):
 garbage-first heap   total 520192K, used 15778K [0x0000000605800000, 0x0000000800000000)
  region size 4096K, 1 young (4096K), 1 survivors (4096K)
 Metaspace       used 11982K, committed 12224K, reserved 1114112K
  class space    used 1245K, committed 1344K, reserved 1048576K
}
Event: 4.481 GC heap before
{Heap before GC invocations=1 (full 0):
 garbage-first heap   total 520192K, used 44450K [0x0000000605800000, 0x0000000800000000)
  region size 4096K, 8 young (32768K), 1 survivors (4096K)
 Metaspace       used 17826K, committed 18112K, reserved 1114112K
  class space    used 1566K, committed 1728K, reserved 1048576K
}
Event: 4.495 GC heap after
{Heap after GC invocations=2 (full 0):
 garbage-first heap   total 520192K, used 18419K [0x0000000605800000, 0x0000000800000000)
  region size 4096K, 1 young (4096K), 1 survivors (4096K)
 Metaspace       used 17826K, committed 18112K, reserved 1114112K
  class space    used 1566K, committed 1728K, reserved 1048576K
}

Dll operation events (20 events):
Event: 0.041 Loaded shared library C:\Users\egleagr\.jdks\openjdk-19.0.2\bin\jsvml.dll
Event: 0.112 Loaded shared library C:\Users\egleagr\.jdks\openjdk-19.0.2\bin\zip.dll
Event: 0.116 Loaded shared library C:\Users\egleagr\.jdks\openjdk-19.0.2\bin\instrument.dll
Event: 0.126 Loaded shared library C:\Users\egleagr\.jdks\openjdk-19.0.2\bin\net.dll
Event: 0.131 Loaded shared library C:\Users\egleagr\.jdks\openjdk-19.0.2\bin\nio.dll
Event: 0.136 Loaded shared library C:\Users\egleagr\.jdks\openjdk-19.0.2\bin\zip.dll
Event: 0.168 Loaded shared library C:\Program Files\JetBrains\IntelliJ IDEA Community Edition 2022.3.2\bin\breakgen64.dll
Event: 0.182 Loaded shared library C:\Users\egleagr\.jdks\openjdk-19.0.2\bin\extnet.dll
Event: 0.269 Loaded shared library C:\Users\egleagr\.jdks\openjdk-19.0.2\bin\jimage.dll
Event: 0.311 Loaded shared library C:\Users\egleagr\.jdks\openjdk-19.0.2\bin\awt.dll
Event: 0.869 Loaded shared library C:\Users\egleagr\.jdks\openjdk-19.0.2\bin\freetype.dll
Event: 0.872 Loaded shared library C:\Users\egleagr\.jdks\openjdk-19.0.2\bin\fontmanager.dll
Event: 3.521 Loaded shared library C:\RubicCube\lib\gluegen_rt.dll
Event: 3.530 Loaded shared library C:\Users\egleagr\.jdks\openjdk-19.0.2\bin\jawt.dll
Event: 3.534 Loaded shared library C:\RubicCube\lib\nativewindow_awt.dll
Event: 3.552 Loaded shared library C:\RubicCube\lib\nativewindow_win32.dll
Event: 3.660 Loaded shared library C:\RubicCube\lib\jogl_desktop.dll
Event: 3.704 Loaded shared library C:\RubicCube\lib\jogl_mobile.dll
Event: 4.610 Loaded shared library C:\RubicCube\lib\newt_head.dll
Event: 4.930 Loaded shared library C:\Users\egleagr\.jdks\openjdk-19.0.2\bin\verify.dll

Deoptimization events (20 events):
Event: 42.660 Thread 0x000002934661eb80 Uncommon trap: trap_request=0xffffff45 fr.pc=0x00000293212d266c relative=0x000000000000034c
Event: 42.660 Thread 0x000002934661eb80 Uncommon trap: reason=unstable_if action=reinterpret pc=0x00000293212d266c method=cubeAssets.Cube.drawCube(LcubeAssets/Move;)V @ 331 c2
Event: 42.660 Thread 0x000002934661eb80 DEOPT PACKING pc=0x00000293212d266c sp=0x000000f4a4efe720
Event: 42.660 Thread 0x000002934661eb80 DEOPT UNPACKING pc=0x0000029320c66da3 sp=0x000000f4a4efe710 mode 2
Event: 61.348 Thread 0x0000029343126bf0 Uncommon trap: trap_request=0xffffffde fr.pc=0x00000293212f5104 relative=0x00000000000002e4
Event: 61.348 Thread 0x0000029343126bf0 Uncommon trap: reason=class_check action=maybe_recompile pc=0x00000293212f5104 method=jogamp.opengl.GLDrawableImpl.lockSurface()I @ 4 c2
Event: 61.348 Thread 0x0000029343126bf0 DEOPT PACKING pc=0x00000293212f5104 sp=0x000000f4a44fefc0
Event: 61.348 Thread 0x0000029343126bf0 DEOPT UNPACKING pc=0x0000029320c66da3 sp=0x000000f4a44fef78 mode 2
Event: 61.349 Thread 0x0000029343126bf0 Uncommon trap: trap_request=0xffffffde fr.pc=0x00000293212f5104 relative=0x00000000000002e4
Event: 61.349 Thread 0x0000029343126bf0 Uncommon trap: reason=class_check action=maybe_recompile pc=0x00000293212f5104 method=jogamp.opengl.GLDrawableImpl.lockSurface()I @ 4 c2
Event: 61.349 Thread 0x0000029343126bf0 DEOPT PACKING pc=0x00000293212f5104 sp=0x000000f4a44fedc0
Event: 61.349 Thread 0x0000029343126bf0 DEOPT UNPACKING pc=0x0000029320c66da3 sp=0x000000f4a44fed70 mode 2
Event: 61.392 Thread 0x0000029346618140 Uncommon trap: trap_request=0xffffff45 fr.pc=0x00000293212abd9c relative=0x00000000000000fc
Event: 61.392 Thread 0x0000029346618140 Uncommon trap: reason=unstable_if action=reinterpret pc=0x00000293212abd9c method=java.lang.reflect.AccessibleObject.verifyAccess(Ljava/lang/Class;Ljava/lang/Class;Ljava/lang/Class;I)Z @ 8 c2
Event: 61.392 Thread 0x0000029346618140 DEOPT PACKING pc=0x00000293212abd9c sp=0x000000f4a1cfece0
Event: 61.392 Thread 0x0000029346618140 DEOPT UNPACKING pc=0x0000029320c66da3 sp=0x000000f4a1cfec10 mode 2
Event: 61.393 Thread 0x0000029346618140 Uncommon trap: trap_request=0xffffff45 fr.pc=0x00000293212b1604 relative=0x0000000000000064
Event: 61.393 Thread 0x0000029346618140 Uncommon trap: reason=unstable_if action=reinterpret pc=0x00000293212b1604 method=jdk.internal.reflect.DirectMethodHandleAccessor.checkArgumentCount(I[Ljava/lang/Object;)V @ 7 c2
Event: 61.393 Thread 0x0000029346618140 DEOPT PACKING pc=0x00000293212b1604 sp=0x000000f4a1cfed20
Event: 61.393 Thread 0x0000029346618140 DEOPT UNPACKING pc=0x0000029320c66da3 sp=0x000000f4a1cfeca8 mode 2

Classes loaded (20 events):
Event: 5.642 Loading class javax/swing/text/GapContent$RemoveUndo
Event: 5.642 Loading class javax/swing/text/GapContent$RemoveUndo done
Event: 5.643 Loading class javax/swing/text/GapContent$UndoPosRef
Event: 5.643 Loading class javax/swing/text/GapContent$UndoPosRef done
Event: 22.887 Loading class java/util/stream/MatchOps$MatchKind
Event: 22.887 Loading class java/util/stream/MatchOps$MatchKind done
Event: 22.887 Loading class java/util/stream/MatchOps
Event: 22.887 Loading class java/util/stream/MatchOps done
Event: 22.887 Loading class java/util/stream/MatchOps$MatchOp
Event: 22.887 Loading class java/util/stream/MatchOps$MatchOp done
Event: 22.887 Loading class java/util/stream/MatchOps$BooleanTerminalSink
Event: 22.887 Loading class java/util/stream/MatchOps$BooleanTerminalSink done
Event: 22.888 Loading class java/util/stream/MatchOps$1MatchSink
Event: 22.888 Loading class java/util/stream/MatchOps$1MatchSink done
Event: 61.326 Loading class java/nio/channels/ClosedChannelException
Event: 61.327 Loading class java/nio/channels/ClosedChannelException done
Event: 61.327 Loading class java/util/WeakHashMap$KeyIterator
Event: 61.327 Loading class java/util/WeakHashMap$HashIterator
Event: 61.328 Loading class java/util/WeakHashMap$HashIterator done
Event: 61.328 Loading class java/util/WeakHashMap$KeyIterator done

Classes unloaded (0 events):
No events

Classes redefined (0 events):
No events

Internal exceptions (20 events):
Event: 2.795 Thread 0x0000029343126150 Exception <a 'java/lang/NoSuchMethodError'{0x0000000623d820d8}: 'void java.lang.invoke.DirectMethodHandle$Holder.invokeStatic(java.lang.Object, long)'> (0x0000000623d820d8) 
thrown [s\open\src\hotspot\share\interpreter\linkResolver.cpp, line 774]
Event: 2.796 Thread 0x0000029343126150 Exception <a 'java/lang/NoSuchMethodError'{0x0000000623d87738}: 'java.lang.Object java.lang.invoke.DirectMethodHandle$Holder.newInvokeSpecial(java.lang.Object, long)'> (0x0000000623d87738) 
thrown [s\open\src\hotspot\share\interpreter\linkResolver.cpp, line 774]
Event: 2.798 Thread 0x0000029343126150 Exception <a 'java/lang/NoSuchMethodError'{0x0000000623d8ebe0}: 'java.lang.Object java.lang.invoke.DirectMethodHandle$Holder.invokeStatic(java.lang.Object, long, java.lang.Object)'> (0x0000000623d8ebe0) 
thrown [s\open\src\hotspot\share\interpreter\linkResolver.cpp, line 774]
Event: 2.799 Thread 0x0000029343126150 Exception <a 'java/lang/NoSuchMethodError'{0x0000000623d928c0}: 'java.lang.Object java.lang.invoke.DirectMethodHandle$Holder.invokeStaticInit(java.lang.Object, long, java.lang.Object)'> (0x0000000623d928c0) 
thrown [s\open\src\hotspot\share\interpreter\linkResolver.cpp, line 774]
Event: 3.027 Thread 0x0000029343126150 Implicit null exception at 0x00000293211ed552 to 0x00000293211edadc
Event: 3.046 Thread 0x0000029343126150 Exception <a 'java/lang/NoSuchMethodError'{0x00000006253477d8}: 'int java.lang.invoke.DirectMethodHandle$Holder.invokeSpecial(java.lang.Object, java.lang.Object, java.lang.Object)'> (0x00000006253477d8) 
thrown [s\open\src\hotspot\share\interpreter\linkResolver.cpp, line 774]
Event: 3.517 Thread 0x0000029343126150 Exception <a 'sun/nio/fs/WindowsException'{0x000000062537b300}> (0x000000062537b300) 
thrown [s\open\src\hotspot\share\prims\jni.cpp, line 517]
Event: 3.523 Thread 0x0000029343126150 Exception <a 'java/lang/NoSuchMethodError'{0x0000000625381798}: 'int java.lang.invoke.DirectMethodHandle$Holder.invokeStatic(java.lang.Object)'> (0x0000000625381798) 
thrown [s\open\src\hotspot\share\interpreter\linkResolver.cpp, line 774]
Event: 3.523 Thread 0x0000029343126150 Exception <a 'java/lang/NoSuchMethodError'{0x00000006253851b8}: 'int java.lang.invoke.DelegatingMethodHandle$Holder.reinvoke_L(java.lang.Object)'> (0x00000006253851b8) 
thrown [s\open\src\hotspot\share\interpreter\linkResolver.cpp, line 774]
Event: 3.532 Thread 0x0000029343126150 Exception <a 'sun/nio/fs/WindowsException'{0x00000006253b4e00}> (0x00000006253b4e00) 
thrown [s\open\src\hotspot\share\prims\jni.cpp, line 517]
Event: 3.543 Thread 0x0000029343126150 Exception <a 'java/lang/NoSuchMethodError'{0x0000000624c13328}: 'java.lang.Object java.lang.invoke.DirectMethodHandle$Holder.invokeInterface(java.lang.Object, java.lang.Object)'> (0x0000000624c13328) 
thrown [s\open\src\hotspot\share\interpreter\linkResolver.cpp, line 774]
Event: 3.544 Thread 0x0000029343126150 Exception <a 'java/lang/IncompatibleClassChangeError'{0x0000000624c16dd8}: Found class java.lang.Object, but interface was expected> (0x0000000624c16dd8) 
thrown [s\open\src\hotspot\share\interpreter\linkResolver.cpp, line 841]
Event: 3.662 Thread 0x0000029343126150 Exception <a 'java/lang/NoSuchMethodError'{0x0000000624976e08}: 'long java.lang.invoke.DelegatingMethodHandle$Holder.reinvoke_L(java.lang.Object, java.lang.Object)'> (0x0000000624976e08) 
thrown [s\open\src\hotspot\share\interpreter\linkResolver.cpp, line 774]
Event: 3.663 Thread 0x0000029343126150 Exception <a 'java/lang/NoSuchMethodError'{0x00000006249818d8}: 'void java.lang.invoke.DelegatingMethodHandle$Holder.reinvoke_L(java.lang.Object, java.lang.Object, long)'> (0x00000006249818d8) 
thrown [s\open\src\hotspot\share\interpreter\linkResolver.cpp, line 774]
Event: 4.025 Thread 0x0000029343126bf0 Exception <a 'java/lang/NoSuchMethodError'{0x0000000623f1b798}: 'long java.lang.invoke.Invokers$Holder.invokeExact_MT(java.lang.Object, java.lang.Object, java.lang.Object)'> (0x0000000623f1b798) 
thrown [s\open\src\hotspot\share\interpreter\linkResolver.cpp, line 774]
Event: 4.741 Thread 0x0000029343126150 Exception <a 'java/lang/NoSuchMethodError'{0x0000000624d7a518}: 'void java.lang.invoke.DirectMethodHandle$Holder.invokeSpecial(java.lang.Object, java.lang.Object, java.lang.Object, java.lang.Object, java.lang.Object)'> (0x0000000624d7a518) 
thrown [s\open\src\hotspot\share\interpreter\linkResolver.cpp, line 774]
Event: 4.745 Thread 0x0000029343126150 Exception <a 'java/lang/NoSuchMethodError'{0x0000000624d889a8}: 'void java.lang.invoke.DirectMethodHandle$Holder.invokeSpecial(java.lang.Object, java.lang.Object, int)'> (0x0000000624d889a8) 
thrown [s\open\src\hotspot\share\interpreter\linkResolver.cpp, line 774]
Event: 4.746 Thread 0x0000029343126150 Exception <a 'java/lang/NoSuchMethodError'{0x0000000624d8ea78}: 'java.lang.Object java.lang.invoke.DirectMethodHandle$Holder.newInvokeSpecial(java.lang.Object, java.lang.Object, int)'> (0x0000000624d8ea78) 
thrown [s\open\src\hotspot\share\interpreter\linkResolver.cpp, line 774]
Event: 61.325 Thread 0x000002934661bbb0 Exception <a 'java/lang/InterruptedException'{0x0000000621d7ed00}> (0x0000000621d7ed00) 
thrown [s\open\src\hotspot\share\runtime\objectMonitor.cpp, line 1648]
Event: 61.393 Thread 0x0000029346618140 Implicit null exception at 0x00000293212b15b1 to 0x00000293212b15f0

VM Operations (20 events):
Event: 43.007 Executing VM operation: Cleanup done
Event: 44.007 Executing VM operation: Cleanup
Event: 44.007 Executing VM operation: Cleanup done
Event: 45.008 Executing VM operation: Cleanup
Event: 45.008 Executing VM operation: Cleanup done
Event: 46.008 Executing VM operation: Cleanup
Event: 46.009 Executing VM operation: Cleanup done
Event: 48.009 Executing VM operation: Cleanup
Event: 48.009 Executing VM operation: Cleanup done
Event: 51.011 Executing VM operation: Cleanup
Event: 51.012 Executing VM operation: Cleanup done
Event: 52.012 Executing VM operation: Cleanup
Event: 52.012 Executing VM operation: Cleanup done
Event: 54.013 Executing VM operation: Cleanup
Event: 54.013 Executing VM operation: Cleanup done
Event: 56.013 Executing VM operation: Cleanup
Event: 56.014 Executing VM operation: Cleanup done
Event: 60.016 Executing VM operation: Cleanup
Event: 60.016 Executing VM operation: Cleanup done
Event: 61.431 Executing VM operation: Exit

Events (20 events):
Event: 4.748 Thread 0x000002934661eb80 Thread added: 0x000002934661eb80
Event: 4.851 Thread 0x0000029345e38290 Thread exited: 0x0000029345e38290
Event: 4.999 Thread 0x000002934f959800 Thread added: 0x000002934f959800
Event: 4.999 Thread 0x000002934f959d80 Thread added: 0x000002934f959d80
Event: 5.644 Thread 0x000002934f959d80 Thread exited: 0x000002934f959d80
Event: 6.093 Thread 0x000002934f959800 Thread exited: 0x000002934f959800
Event: 61.325 Thread 0x000002934661a120 Thread added: 0x000002934661a120
Event: 61.326 Thread 0x0000029346618140 Thread added: 0x0000029346618140
Event: 61.326 Thread 0x000002934661a670 Thread added: 0x000002934661a670
Event: 61.326 Thread 0x000002934661f0d0 Thread added: 0x000002934661f0d0
Event: 61.326 Thread 0x0000029346618be0 Thread added: 0x0000029346618be0
Event: 61.326 Thread 0x000002934661bbb0 Thread exited: 0x000002934661bbb0
Event: 61.327 Thread 0x000002934661a120 Thread exited: 0x000002934661a120
Event: 61.327 Thread 0x000002934661a670 Thread exited: 0x000002934661a670
Event: 61.328 Thread 0x0000029343128130 Thread exited: 0x0000029343128130
Event: 61.328 Thread 0x0000029346618be0 Thread exited: 0x0000029346618be0
Event: 61.382 Thread 0x0000029343126bf0 Thread exited: 0x0000029343126bf0
Event: 61.393 Thread 0x0000029346618140 Thread exited: 0x0000029346618140
Event: 61.418 Thread 0x0000029343125160 Thread exited: 0x0000029343125160
Event: 61.431 Thread 0x000002934661f0d0 Thread exited: 0x000002934661f0d0


Dynamic libraries:
0x00007ff6d7650000 - 0x00007ff6d765e000 	C:\Users\egleagr\.jdks\openjdk-19.0.2\bin\java.exe
0x00007fff3ce10000 - 0x00007fff3d008000 	C:\Windows\SYSTEM32\ntdll.dll
0x00007fff3ba00000 - 0x00007fff3babf000 	C:\Windows\System32\KERNEL32.DLL
0x00007fff3a710000 - 0x00007fff3a9e2000 	C:\Windows\System32\KERNELBASE.dll
0x00007fff3a9f0000 - 0x00007fff3aaf0000 	C:\Windows\System32\ucrtbase.dll
0x00007fff35ea0000 - 0x00007fff35ebb000 	C:\Users\egleagr\.jdks\openjdk-19.0.2\bin\VCRUNTIME140.dll
0x00007fff35600000 - 0x00007fff35617000 	C:\Users\egleagr\.jdks\openjdk-19.0.2\bin\jli.dll
0x00007fff3b2f0000 - 0x00007fff3b491000 	C:\Windows\System32\USER32.dll
0x00007fff3aaf0000 - 0x00007fff3ab12000 	C:\Windows\System32\win32u.dll
0x00007fff1de00000 - 0x00007fff1e09a000 	C:\Windows\WinSxS\amd64_microsoft.windows.common-controls_6595b64144ccf1df_6.0.19041.1110_none_60b5254171f9507e\COMCTL32.dll
0x00007fff3c9f0000 - 0x00007fff3ca1b000 	C:\Windows\System32\GDI32.dll
0x00007fff3a5b0000 - 0x00007fff3a6bf000 	C:\Windows\System32\gdi32full.dll
0x00007fff3bac0000 - 0x00007fff3bb5e000 	C:\Windows\System32\msvcrt.dll
0x00007fff3a510000 - 0x00007fff3a5ad000 	C:\Windows\System32\msvcp_win.dll
0x00007fff3c830000 - 0x00007fff3c860000 	C:\Windows\System32\IMM32.DLL
0x000002930feb0000 - 0x000002930fec4000 	C:\Windows\System32\umppc16510.dll
0x00007fff3a160000 - 0x00007fff3a2a3000 	C:\Program Files\Avecto\Privilege Guard Client\PGHook.dll
0x00007fff35e70000 - 0x00007fff35e7c000 	C:\Users\egleagr\.jdks\openjdk-19.0.2\bin\vcruntime140_1.dll
0x00007fff1d490000 - 0x00007fff1d51e000 	C:\Users\egleagr\.jdks\openjdk-19.0.2\bin\msvcp140.dll
0x00007ffeeeb70000 - 0x00007ffeef830000 	C:\Users\egleagr\.jdks\openjdk-19.0.2\bin\server\jvm.dll
0x00007fff3c940000 - 0x00007fff3c9ee000 	C:\Windows\System32\ADVAPI32.dll
0x00007fff3b590000 - 0x00007fff3b62c000 	C:\Windows\System32\sechost.dll
0x00007fff3bec0000 - 0x00007fff3bfe4000 	C:\Windows\System32\RPCRT4.dll
0x00007fff16e70000 - 0x00007fff16e79000 	C:\Windows\SYSTEM32\WSOCK32.dll
0x00007fff3bc10000 - 0x00007fff3bc7b000 	C:\Windows\System32\WS2_32.dll
0x00007fff14430000 - 0x00007fff14457000 	C:\Windows\SYSTEM32\WINMM.dll
0x00007fff28a90000 - 0x00007fff28a9a000 	C:\Windows\SYSTEM32\VERSION.dll
0x00007fff38dc0000 - 0x00007fff38dd2000 	C:\Windows\SYSTEM32\kernel.appcore.dll
0x00007fff355f0000 - 0x00007fff355fa000 	C:\Users\egleagr\.jdks\openjdk-19.0.2\bin\jimage.dll
0x00007fff37d40000 - 0x00007fff37f24000 	C:\Windows\SYSTEM32\DBGHELP.DLL
0x00007fff13c90000 - 0x00007fff13cc5000 	C:\Windows\SYSTEM32\dbgcore.DLL
0x00007fff3ab90000 - 0x00007fff3ac12000 	C:\Windows\System32\bcryptPrimitives.dll
0x00007fff355e0000 - 0x00007fff355ee000 	C:\Users\egleagr\.jdks\openjdk-19.0.2\bin\instrument.dll
0x00007fff35420000 - 0x00007fff35446000 	C:\Users\egleagr\.jdks\openjdk-19.0.2\bin\java.dll
0x00007fff0a8c0000 - 0x00007fff0a997000 	C:\Users\egleagr\.jdks\openjdk-19.0.2\bin\jsvml.dll
0x00007fff3c010000 - 0x00007fff3c755000 	C:\Windows\System32\SHELL32.dll
0x00007fff382c0000 - 0x00007fff38a52000 	C:\Windows\SYSTEM32\windows.storage.dll
0x00007fff3b6a0000 - 0x00007fff3b9f5000 	C:\Windows\System32\combase.dll
0x00007fff39c50000 - 0x00007fff39c80000 	C:\Windows\SYSTEM32\Wldp.dll
0x00007fff3bb60000 - 0x00007fff3bc0d000 	C:\Windows\System32\SHCORE.dll
0x00007fff3b530000 - 0x00007fff3b585000 	C:\Windows\System32\shlwapi.dll
0x00007fff3a450000 - 0x00007fff3a46f000 	C:\Windows\SYSTEM32\profapi.dll
0x00007fff2e5c0000 - 0x00007fff2e5d8000 	C:\Users\egleagr\.jdks\openjdk-19.0.2\bin\zip.dll
0x00007fff35400000 - 0x00007fff35413000 	C:\Users\egleagr\.jdks\openjdk-19.0.2\bin\net.dll
0x00007fff39300000 - 0x00007fff3940a000 	C:\Windows\SYSTEM32\WINHTTP.dll
0x00007fff39a40000 - 0x00007fff39aaa000 	C:\Windows\system32\mswsock.dll
0x00007fff353b0000 - 0x00007fff353c6000 	C:\Users\egleagr\.jdks\openjdk-19.0.2\bin\nio.dll
0x00007fff217c0000 - 0x00007fff217da000 	C:\Program Files\JetBrains\IntelliJ IDEA Community Edition 2022.3.2\bin\breakgen64.dll
0x00007fff353f0000 - 0x00007fff353f8000 	C:\Users\egleagr\.jdks\openjdk-19.0.2\bin\extnet.dll
0x00007ffefbc60000 - 0x00007ffefbdf0000 	C:\Users\egleagr\.jdks\openjdk-19.0.2\bin\awt.dll
0x00007fff3c760000 - 0x00007fff3c82d000 	C:\Windows\System32\OLEAUT32.dll
0x00007fff37380000 - 0x00007fff37410000 	C:\Windows\SYSTEM32\apphelp.dll
0x00007fff37500000 - 0x00007fff3759e000 	C:\Windows\system32\uxtheme.dll
0x00007fff3ca20000 - 0x00007fff3cb34000 	C:\Windows\System32\MSCTF.dll
0x00007fff3bc80000 - 0x00007fff3bdaa000 	C:\Windows\System32\ole32.dll
0x00007fff37640000 - 0x00007fff3766f000 	C:\Windows\system32\DWMAPI.DLL
0x00007ffef0240000 - 0x00007ffef0365000 	C:\Windows\system32\opengl32.dll
0x00007ffef0210000 - 0x00007ffef023c000 	C:\Windows\SYSTEM32\GLU32.dll
0x00007fff39ca0000 - 0x00007fff39cb8000 	C:\Windows\SYSTEM32\CRYPTSP.dll
0x00007fff39270000 - 0x00007fff392a4000 	C:\Windows\system32\rsaenh.dll
0x00007fff3ad80000 - 0x00007fff3ada7000 	C:\Windows\System32\bcrypt.dll
0x00007fff3a410000 - 0x00007fff3a43e000 	C:\Windows\SYSTEM32\USERENV.dll
0x00007fff39c80000 - 0x00007fff39c8c000 	C:\Windows\SYSTEM32\CRYPTBASE.dll
0x00007fff39750000 - 0x00007fff3978b000 	C:\Windows\SYSTEM32\IPHLPAPI.DLL
0x00007fff3b630000 - 0x00007fff3b638000 	C:\Windows\System32\NSI.dll
0x00007fff29450000 - 0x00007fff29467000 	C:\Windows\SYSTEM32\dhcpcsvc6.DLL
0x00007fff2e4c0000 - 0x00007fff2e4dd000 	C:\Windows\SYSTEM32\dhcpcsvc.DLL
0x00007fff39790000 - 0x00007fff3985b000 	C:\Windows\SYSTEM32\DNSAPI.dll
0x00007ffeffba0000 - 0x00007ffeffc26000 	C:\Users\egleagr\.jdks\openjdk-19.0.2\bin\freetype.dll
0x00007ffeff140000 - 0x00007ffeff206000 	C:\Users\egleagr\.jdks\openjdk-19.0.2\bin\fontmanager.dll
0x00007fff20670000 - 0x00007fff20769000 	C:\Windows\SYSTEM32\textinputframework.dll
0x00007fff36950000 - 0x00007fff36cae000 	C:\Windows\System32\CoreUIComponents.dll
0x00007fff37150000 - 0x00007fff37242000 	C:\Windows\System32\CoreMessaging.dll
0x00007fff394c0000 - 0x00007fff394f3000 	C:\Windows\SYSTEM32\ntmarta.dll
0x00007fff35890000 - 0x00007fff359e4000 	C:\Windows\SYSTEM32\wintypes.dll
0x00007fff11570000 - 0x00007fff115d6000 	C:\Windows\system32\Oleacc.dll
0x00007fff3bdb0000 - 0x00007fff3be59000 	C:\Windows\System32\clbcatq.dll
0x00007fff33d60000 - 0x00007fff33f14000 	C:\Windows\SYSTEM32\WindowsCodecs.dll
0x00007fff38b10000 - 0x00007fff38c03000 	C:\Windows\system32\dxgi.dll
0x00007fff3ae60000 - 0x00007fff3ae68000 	C:\Windows\System32\psapi.dll
0x0000000000b00000 - 0x0000000000b0d000 	C:\RubicCube\lib\gluegen_rt.dll
0x00007fff20480000 - 0x00007fff20487000 	C:\Users\egleagr\.jdks\openjdk-19.0.2\bin\jawt.dll
0x0000000000b10000 - 0x0000000000b1d000 	C:\RubicCube\lib\nativewindow_awt.dll
0x0000000000b20000 - 0x0000000000b30000 	C:\RubicCube\lib\nativewindow_win32.dll
0x0000000000b30000 - 0x0000000000bb5000 	C:\RubicCube\lib\jogl_desktop.dll
0x0000000000bc0000 - 0x0000000000c11000 	C:\RubicCube\lib\jogl_mobile.dll
0x00007ffecc700000 - 0x00007ffecd7a9000 	C:\Windows\System32\DriverStore\FileRepository\iigd_dch.inf_amd64_33a6982ac1e20313\igxelpicd64.dll
0x00007ffef1cf0000 - 0x00007ffef1e14000 	C:\Windows\System32\DriverStore\FileRepository\iigd_dch.inf_amd64_33a6982ac1e20313\igdml64.dll
0x00007fff2d490000 - 0x00007fff2d8a2000 	C:\Windows\System32\DriverStore\FileRepository\iigd_dch.inf_amd64_33a6982ac1e20313\igdgmm64.dll
0x00007fff24630000 - 0x00007fff28a6e000 	C:\Windows\System32\DriverStore\FileRepository\iigd_dch.inf_amd64_33a6982ac1e20313\igc64.dll
0x00007fff3a380000 - 0x00007fff3a3cb000 	C:\Windows\SYSTEM32\powrprof.dll
0x00007fff3a360000 - 0x00007fff3a372000 	C:\Windows\SYSTEM32\UMPDC.dll
0x0000000000c20000 - 0x0000000000c33000 	C:\RubicCube\lib\newt_head.dll
0x00007fff33750000 - 0x00007fff337fe000 	C:\Windows\SYSTEM32\mscms.dll
0x00007fff336c0000 - 0x00007fff336d1000 	C:\Windows\SYSTEM32\ColorAdapterClient.dll
0x00007fff20430000 - 0x00007fff20473000 	C:\Windows\SYSTEM32\icm32.dll
0x00007fff3ae80000 - 0x00007fff3b2e8000 	C:\Windows\System32\setupapi.dll
0x00007fff3a6c0000 - 0x00007fff3a70e000 	C:\Windows\System32\cfgmgr32.dll
0x00007fff3a100000 - 0x00007fff3a12c000 	C:\Windows\SYSTEM32\DEVOBJ.dll
0x00007fff3ab20000 - 0x00007fff3ab89000 	C:\Windows\System32\WINTRUST.dll
0x00007fff3ac20000 - 0x00007fff3ad76000 	C:\Windows\System32\CRYPT32.dll
0x00007fff39f40000 - 0x00007fff39f52000 	C:\Windows\SYSTEM32\MSASN1.dll
0x00007fff2e5b0000 - 0x00007fff2e5c0000 	C:\Users\egleagr\.jdks\openjdk-19.0.2\bin\verify.dll
0x00007fff2fe60000 - 0x00007fff2fe9b000 	C:\Windows\SYSTEM32\dxcore.dll

dbghelp: loaded successfully - version: 4.0.5 - missing functions: none
symbol engine: initialized successfully - sym options: 0x614 - pdb path: .;C:\Users\egleagr\.jdks\openjdk-19.0.2\bin;C:\Windows\SYSTEM32;C:\Windows\WinSxS\amd64_microsoft.windows.common-controls_6595b64144ccf1df_6.0.19041.1110_none_60b5254171f9507e;C:\Program Files\Avecto\Privilege Guard Client;C:\Users\egleagr\.jdks\openjdk-19.0.2\bin\server;C:\Program Files\JetBrains\IntelliJ IDEA Community Edition 2022.3.2\bin;C:\RubicCube\lib;C:\Windows\System32\DriverStore\FileRepository\iigd_dch.inf_amd64_33a6982ac1e20313

VM Arguments:
jvm_args: -Djava.library.path=C:\RubicCube\lib -javaagent:C:\Program Files\JetBrains\IntelliJ IDEA Community Edition 2022.3.2\lib\idea_rt.jar=54312:C:\Program Files\JetBrains\IntelliJ IDEA Community Edition 2022.3.2\bin -Dfile.encoding=UTF-8 -Dsun.stdout.encoding=UTF-8 -Dsun.stderr.encoding=UTF-8 
java_command: MainApp
java_class_path (initial): C:\RubicCube\RubicCube\out\production\RubicCube;C:\RubicCube\lib\core.jar;C:\RubicCube\lib\Main.jar;C:\RubicCube\lib\jogl-all.jar;C:\RubicCube\lib\peasycam.jar;C:\RubicCube\lib\gluegen-rt.jar;C:\RubicCube\lib\gson-2.8.9.jar;C:\RubicCube\lib\peasy-math.jar
Launcher Type: SUN_STANDARD

[Global flags]
     intx CICompilerCount                          = 4                                         {product} {ergonomic}
     uint ConcGCThreads                            = 3                                         {product} {ergonomic}
     uint G1ConcRefinementThreads                  = 10                                        {product} {ergonomic}
   size_t G1HeapRegionSize                         = 4194304                                   {product} {ergonomic}
    uintx GCDrainStackTargetSize                   = 64                                        {product} {ergonomic}
   size_t InitialHeapSize                          = 532676608                                 {product} {ergonomic}
   size_t MarkStackSize                            = 4194304                                   {product} {ergonomic}
   size_t MaxHeapSize                              = 8497659904                                {product} {ergonomic}
   size_t MaxNewSize                               = 5096079360                                {product} {ergonomic}
   size_t MinHeapDeltaBytes                        = 4194304                                   {product} {ergonomic}
   size_t MinHeapSize                              = 8388608                                   {product} {ergonomic}
    uintx NonNMethodCodeHeapSize                   = 5839372                                {pd product} {ergonomic}
    uintx NonProfiledCodeHeapSize                  = 122909434                              {pd product} {ergonomic}
    uintx ProfiledCodeHeapSize                     = 122909434                              {pd product} {ergonomic}
    uintx ReservedCodeCacheSize                    = 251658240                              {pd product} {ergonomic}
     bool SegmentedCodeCache                       = true                                      {product} {ergonomic}
   size_t SoftMaxHeapSize                          = 8497659904                             {manageable} {ergonomic}
     bool UseCompressedClassPointers               = true                           {product lp64_product} {ergonomic}
     bool UseCompressedOops                        = true                           {product lp64_product} {ergonomic}
     bool UseG1GC                                  = true                                      {product} {ergonomic}
     bool UseLargePagesIndividualAllocation        = false                                  {pd product} {ergonomic}

Logging:
Log output configuration:
 #0: stdout all=off uptime,level,tags foldmultilines=false
 #1: stderr all=off uptime,level,tags foldmultilines=false

Environment Variables:
PATH=C:\Program Files\Common Files\Oracle\Java\javapath;C:\Windows\system32;C:\Windows;C:\Windows\System32\Wbem;C:\Windows\System32\WindowsPowerShell\v1.0\;C:\Windows\System32\OpenSSH\;C:\Program Files\dotnet\;C:\Program Files\nodejs\;C:\Program Files\Microsoft SQL Server\150\Tools\Binn\;C:\Program Files\Microsoft SQL Server\Client SDK\ODBC\170\Tools\Binn\;C:\Users\egleagr\AppData\Local\Microsoft\WindowsApps;C:\Users\egleagr\AppData\Local\Programs\Git\cmd;C:\Users\egleagr\AppData\Local\Programs\php;C:\Users\egleagr\AppData\Local\Programs\composer;C:\Users\egleagr\AppData\Roaming\npm;C:\Program Files\JetBrains\IntelliJ IDEA Community Edition 2022.3.2\bin;;C:\processing;C:\Users\egleagr\.dotnet\tools;C:\Users\egleagr\AppData\Local\Programs\Microsoft VS Code\bin
USERNAME=egleagr
OS=Windows_NT
PROCESSOR_IDENTIFIER=Intel64 Family 6 Model 154 Stepping 4, GenuineIntel
TMP=C:\Users\egleagr\AppData\Local\Temp
TEMP=C:\Users\egleagr\AppData\Local\Temp



---------------  S Y S T E M  ---------------

OS:
 Windows 10 , 64 bit Build 19041 (10.0.19041.2546)
OS uptime: 0 days 5:05 hours
Hyper-V role detected

CPU: total 12 (initial active 12) (6 cores per cpu, 2 threads per core) family 6 model 154 stepping 4 microcode 0x423, cx8, cmov, fxsr, ht, mmx, 3dnowpref, sse, sse2, sse3, ssse3, sse4.1, sse4.2, popcnt, lzcnt, tsc, tscinvbit, avx, avx2, aes, erms, clmul, bmi1, bmi2, adx, sha, fma, vzeroupper, clflush, clflushopt, clwb, hv, rdtscp, rdpid, fsrm

Memory: 4k page, system-wide physical 32400M (21835M free)
TotalPageFile size 37264M (AvailPageFile size 25890M)
current process WorkingSet (physical memory assigned to process): 354M, peak: 362M
current process commit charge ("private bytes"): 833M, peak: 853M

vm_info: OpenJDK 64-Bit Server VM (19.0.2+7-44) for windows-amd64 JRE (19.0.2+7-44), built on 2022-11-30T18:02:09Z by "mach5one" with MS VC++ 17.1 (VS2022)

END.
