#
# A fatal error has been detected by the Java Runtime Environment:
#
#  EXCEPTION_ACCESS_VIOLATION (0xc0000005) at pc=0x00007ffecdc795aa, pid=8176, tid=2900
#
# JRE version: OpenJDK Runtime Environment (19.0.2+7) (build 19.0.2+7-44)
# Java VM: OpenJDK 64-Bit Server VM (19.0.2+7-44, mixed mode, sharing, tiered, compressed oops, compressed class ptrs, g1 gc, windows-amd64)
# Problematic frame:
# C  [igxelpicd64.dll+0x2895aa]
#
# No core dump will be written. Minidumps are not enabled by default on client versions of Windows
#
# If you would like to submit a bug report, please visit:
#   https://bugreport.java.com/bugreport/crash.jsp
#

---------------  S U M M A R Y ------------

Command Line: -Djava.library.path=C:\RubicCube\lib -javaagent:C:\Program Files\JetBrains\IntelliJ IDEA Community Edition 2022.3.2\lib\idea_rt.jar=54080:C:\Program Files\JetBrains\IntelliJ IDEA Community Edition 2022.3.2\bin -Dfile.encoding=UTF-8 -Dsun.stdout.encoding=UTF-8 -Dsun.stderr.encoding=UTF-8 MainApp

Host: 12th Gen Intel(R) Core(TM) i5-1245U, 12 cores, 31G,  Windows 10 , 64 bit Build 19041 (10.0.19041.2546)
Time: Thu Mar 30 17:08:40 2023 Central Europe Daylight Time elapsed time: 11.926452 seconds (0d 0h 0m 11s)

---------------  T H R E A D  ---------------

Current thread (0x000002b171a7ef10):  VMThread "VM Thread" [stack: 0x000000f8cfa00000,0x000000f8cfb00000] [id=2900]

Stack: [0x000000f8cfa00000,0x000000f8cfb00000],  sp=0x000000f8cfafe330,  free space=1016k
Native frames: (J=compiled Java code, j=interpreted, Vv=VM code, C=native code)
C  [igxelpicd64.dll+0x2895aa]


siginfo: EXCEPTION_ACCESS_VIOLATION (0xc0000005), reading address 0x0000000000035f88


Registers:
RAX=0x000002b1069cfdb8, RBX=0x0000000000000000, RCX=0x0000000000000000, RDX=0x00000000fffffff4
RSP=0x000000f8cfafe330, RBP=0x000000f8cfafe398, RSI=0x000002b1066ebc90, RDI=0x0000000000000000
R8 =0x0000000000000004, R9 =0x0000000000000000, R10=0x000002b1069d0168, R11=0x0000000000000246
R12=0x000002b106679ec8, R13=0x0000000000000000, R14=0x000002b1069cfb90, R15=0x0000000000000016
RIP=0x00007ffecdc795aa, EFLAGS=0x0000000000010206


Register to memory mapping:

RIP=0x00007ffecdc795aa igxelpicd64.dll
RAX=0x000002b1069cfdb8 points into unknown readable memory: 0x00000000000020df | df 20 00 00 00 00 00 00
RBX=0x0 is NULL
RCX=0x0 is NULL
RDX=0x00000000fffffff4 is an unknown value
RSP=0x000000f8cfafe330 points into unknown readable memory: 0x000002b17b0f02b0 | b0 02 0f 7b b1 02 00 00
RBP=0x000000f8cfafe398 points into unknown readable memory: 0x0000000000000017 | 17 00 00 00 00 00 00 00
RSI=0x000002b1066ebc90 points into unknown readable memory: 0x0000000000000000 | 00 00 00 00 00 00 00 00
RDI=0x0 is NULL
R8 =0x0000000000000004 is an unknown value
R9 =0x0 is NULL
R10=0x000002b1069d0168 points into unknown readable memory: 0x000002b1069ccda0 | a0 cd 9c 06 b1 02 00 00
R11=0x0000000000000246 is an unknown value
R12=0x000002b106679ec8 points into unknown readable memory: 0x0000000000040000 | 00 00 04 00 00 00 00 00
R13=0x0 is NULL
R14=0x000002b1069cfb90 points into unknown readable memory: 0x000002b179105f10 | 10 5f 10 79 b1 02 00 00
R15=0x0000000000000016 is an unknown value


Top of Stack: (sp=0x000000f8cfafe330)
0x000000f8cfafe330:   000002b17b0f02b0 0000000000000000
0x000000f8cfafe340:   000000f8cfafe4e0 00007fff3b30d499
0x000000f8cfafe350:   000002b1069ccda0 0000000000000000
0x000000f8cfafe360:   000002b17b0f02b0 000002b1069d0168
0x000000f8cfafe370:   0000000000000000 00007fff3ceb0ef4
0x000000f8cfafe380:   000002b1455a0000 000002b17b68bfa0
0x000000f8cfafe390:   0000000000000000 0000000000000017
0x000000f8cfafe3a0:   00000000000020f0 0000740419d00000
0x000000f8cfafe3b0:   000002b106679ec8 0000000000000000
0x000000f8cfafe3c0:   0000000000000000 000002b1066ebc90
0x000000f8cfafe3d0:   000000f8cfafe4e0 00007ffecda71d5f
0x000000f8cfafe3e0:   000002b1066ebc00 0000000000000016
0x000000f8cfafe3f0:   00007fff3ce89300 0000000000000000
0x000000f8cfafe400:   000000f8000009c8 0000000000000000
0x000000f8cfafe410:   0000000000000000 000000f8cfafe630
0x000000f8cfafe420:   0000000000000001 00007fff3ce2cb51 

Instructions: (pc=0x00007ffecdc795aa)
0x00007ffecdc794aa:   25 58 00 00 00 41 bd 20 00 00 00 48 8b 04 f8 4e
0x00007ffecdc794ba:   8b 2c 28 40 8a 7d 58 4c 3b 2d 10 be d5 00 45 0f
0x00007ffecdc794ca:   44 f8 44 89 7d 50 48 85 c9 0f 84 68 07 00 00 33
0x00007ffecdc794da:   db 4c 8b f1 4c 8d 91 d8 05 00 00 4c 89 55 d0 49
0x00007ffecdc794ea:   8b 02 48 89 45 b8 40 84 ff 74 10 48 8b d1 48 8b
0x00007ffecdc794fa:   09 e8 40 ca df ff e9 ef 06 00 00 44 8b 86 c8 01
0x00007ffecdc7950a:   00 00 48 8b 05 cd 5e c5 00 83 b8 78 03 00 00 02
0x00007ffecdc7951a:   0f 85 1d 02 00 00 41 8d 50 f0 41 83 f8 10 73 11
0x00007ffecdc7952a:   4a 8d 04 c5 21 00 00 00 49 03 c0 48 8d 04 c1 eb
0x00007ffecdc7953a:   5b 8b c2 c1 e8 04 83 f8 03 73 1f 0f ae e8 8b ca
0x00007ffecdc7954a:   83 e1 0f 4d 8b 8c c6 88 05 00 00 4d 85 c9 74 21
0x00007ffecdc7955a:   48 8d 0c c9 49 8d 04 c9 eb 32 48 8b 81 a0 05 00
0x00007ffecdc7956a:   00 eb 09 44 39 00 74 2f 48 8b 40 50 48 85 c0 75
0x00007ffecdc7957a:   f2 41 38 9e a8 05 00 00 74 23 41 8b c0 83 e0 0f
0x00007ffecdc7958a:   48 8d 04 c0 48 8d 40 21 49 8d 04 c6 48 85 c0 74
0x00007ffecdc7959a:   0c 48 8b 48 08 eb 09 48 83 c0 08 eb ef 48 8b cb
0x00007ffecdc795aa:   49 3b 8d 88 5f 03 00 0f 86 86 01 00 00 41 83 f8
0x00007ffecdc795ba:   10 73 0d 4a 8d 04 c5 21 00 00 00 49 03 c0 eb 55
0x00007ffecdc795ca:   8b c2 c1 e8 04 83 f8 03 73 1d 0f ae e8 83 e2 0f
0x00007ffecdc795da:   4d 8b 8c c6 88 05 00 00 4d 85 c9 74 21 48 8d 0c
0x00007ffecdc795ea:   d2 49 8d 04 c9 eb 32 49 8b 86 a0 05 00 00 eb 09
0x00007ffecdc795fa:   44 39 00 74 2f 48 8b 40 50 48 85 c0 75 f2 41 38
0x00007ffecdc7960a:   9e a8 05 00 00 74 23 41 8b c0 83 e0 0f 48 8d 04
0x00007ffecdc7961a:   c0 48 8d 40 21 49 8d 04 c6 48 85 c0 74 0c 48 8b
0x00007ffecdc7962a:   48 08 eb 09 48 83 c0 08 eb ef 48 8b cb 49 3b 8e
0x00007ffecdc7963a:   50 06 00 00 0f 86 f9 00 00 00 48 8b 86 78 02 00
0x00007ffecdc7964a:   00 49 89 02 4c 89 b6 78 02 00 00 ff 86 80 02 00
0x00007ffecdc7965a:   00 49 8b 46 08 48 8b 88 18 01 00 00 48 81 e1 00
0x00007ffecdc7966a:   00 ff ff 48 81 c1 00 00 01 00 48 01 8e 88 02 00
0x00007ffecdc7967a:   00 ba 01 00 00 00 49 8b 4e 08 e8 17 34 db ff 48
0x00007ffecdc7968a:   01 86 a0 02 00 00 45 85 ff 0f 84 9a 00 00 00 49
0x00007ffecdc7969a:   8b 9d 28 57 03 00 0f 57 c0 f3 0f 7f 45 d8 45 33 


Stack slot to memory mapping:
stack at sp + 0 slots: 0x000002b17b0f02b0 points into unknown readable memory: 0xffffffffffffffff | ff ff ff ff ff ff ff ff
stack at sp + 1 slots: 0x0 is NULL
stack at sp + 2 slots: 0x000000f8cfafe4e0 points into unknown readable memory: 0x0000000000000000 | 00 00 00 00 00 00 00 00
stack at sp + 3 slots: 0x00007fff3b30d499 USER32.dll
stack at sp + 4 slots: 0x000002b1069ccda0 points into unknown readable memory: 0x000002b179105f10 | 10 5f 10 79 b1 02 00 00
stack at sp + 5 slots: 0x0 is NULL
stack at sp + 6 slots: 0x000002b17b0f02b0 points into unknown readable memory: 0xffffffffffffffff | ff ff ff ff ff ff ff ff
stack at sp + 7 slots: 0x000002b1069d0168 points into unknown readable memory: 0x000002b1069ccda0 | a0 cd 9c 06 b1 02 00 00

VM_Operation (0x000000f8d24febc0): Exit, mode: safepoint, requested by thread 0x000002b17902b3e0


---------------  P R O C E S S  ---------------

Threads class SMR info:
_java_thread_list=0x000002b178cf9f50, length=19, elements={
0x000002b17880a7a0, 0x000002b17880b590, 0x000002b17880ded0, 0x000002b178810d10,
0x000002b178811c50, 0x000002b178812a90, 0x000002b178819c40, 0x000002b17882b6f0,
0x000002b178830ca0, 0x000002b178929380, 0x000002b178aa5ac0, 0x000002b178aa6000,
0x000002b178c30360, 0x000002b178c064a0, 0x000002b178bf7530, 0x000002b1477108d0,
0x000002b178faa1d0, 0x000002b17902a940, 0x000002b17902b3e0
}

Java Threads: ( => current thread )
  0x000002b17880a7a0 JavaThread "Reference Handler" daemon [_thread_blocked, id=18296, stack(0x000000f8cfb00000,0x000000f8cfc00000)]
  0x000002b17880b590 JavaThread "Finalizer" daemon [_thread_blocked, id=9748, stack(0x000000f8cfc00000,0x000000f8cfd00000)]
  0x000002b17880ded0 JavaThread "Signal Dispatcher" daemon [_thread_blocked, id=13240, stack(0x000000f8cfd00000,0x000000f8cfe00000)]
  0x000002b178810d10 JavaThread "Attach Listener" daemon [_thread_blocked, id=19936, stack(0x000000f8cfe00000,0x000000f8cff00000)]
  0x000002b178811c50 JavaThread "Service Thread" daemon [_thread_blocked, id=15328, stack(0x000000f8cff00000,0x000000f8d0000000)]
  0x000002b178812a90 JavaThread "Monitor Deflation Thread" daemon [_thread_blocked, id=19520, stack(0x000000f8d0000000,0x000000f8d0100000)]
  0x000002b178819c40 JavaThread "C2 CompilerThread0" daemon [_thread_blocked, id=12876, stack(0x000000f8d0100000,0x000000f8d0200000)]
  0x000002b17882b6f0 JavaThread "C1 CompilerThread0" daemon [_thread_blocked, id=2564, stack(0x000000f8d0200000,0x000000f8d0300000)]
  0x000002b178830ca0 JavaThread "Sweeper thread" daemon [_thread_blocked, id=4852, stack(0x000000f8d0300000,0x000000f8d0400000)]
  0x000002b178929380 JavaThread "Common-Cleaner" daemon [_thread_blocked, id=16260, stack(0x000000f8d0400000,0x000000f8d0500000)]
  0x000002b178aa5ac0 JavaThread "Monitor Ctrl-Break" daemon [_thread_in_native, id=19116, stack(0x000000f8d0500000,0x000000f8d0600000)]
  0x000002b178aa6000 JavaThread "Notification Thread" daemon [_thread_blocked, id=20972, stack(0x000000f8d0600000,0x000000f8d0700000)]
  0x000002b178c30360 JavaThread "Java2D Disposer" daemon [_thread_blocked, id=11764, stack(0x000000f8d0800000,0x000000f8d0900000)]
  0x000002b178c064a0 JavaThread "AWT-Shutdown" [_thread_blocked, id=18480, stack(0x000000f8d0900000,0x000000f8d0a00000)]
  0x000002b178bf7530 JavaThread "AWT-EventQueue-0" [_thread_blocked, id=3856, stack(0x000000f8d0b00000,0x000000f8d0c00000)]
  0x000002b1477108d0 JavaThread "DestroyJavaVM" [_thread_blocked, id=1548, stack(0x000000f8cf400000,0x000000f8cf500000)]
  0x000002b178faa1d0 JavaThread "TimerQueue" daemon [_thread_blocked, id=13668, stack(0x000000f8d0c00000,0x000000f8d0d00000)]
  0x000002b17902a940 JavaThread "HighResTimerThread" daemon [_thread_blocked, id=5552, stack(0x000000f8d2200000,0x000000f8d2300000)]
  0x000002b17902b3e0 JavaThread "AWT-EventQueue-0-FPSAWTAnimator#00-Timer0" [_thread_blocked, id=6592, stack(0x000000f8d2400000,0x000000f8d2500000)]

Other Threads:
=>0x000002b171a7ef10 VMThread "VM Thread" [stack: 0x000000f8cfa00000,0x000000f8cfb00000] [id=2900]
  0x000002b1477c0550 WorkerThread "GC Thread#0" [stack: 0x000000f8cf500000,0x000000f8cf600000] [id=14864]
  0x000002b171a7f1e0 WorkerThread "GC Thread#1" [stack: 0x000000f8d1100000,0x000000f8d1200000] [id=12940]
  0x000002b171a7d890 WorkerThread "GC Thread#2" [stack: 0x000000f8d1200000,0x000000f8d1300000] [id=2248]
  0x000002b171a7f4b0 WorkerThread "GC Thread#3" [stack: 0x000000f8d1300000,0x000000f8d1400000] [id=12748]
  0x000002b171a7de30 WorkerThread "GC Thread#4" [stack: 0x000000f8d1400000,0x000000f8d1500000] [id=5384]
  0x000002b171a7db60 WorkerThread "GC Thread#5" [stack: 0x000000f8d1500000,0x000000f8d1600000] [id=13708]
  0x000002b171a7e3d0 WorkerThread "GC Thread#6" [stack: 0x000000f8d1600000,0x000000f8d1700000] [id=14252]
  0x000002b171a7e6a0 WorkerThread "GC Thread#7" [stack: 0x000000f8d1700000,0x000000f8d1800000] [id=16808]
  0x000002b17903a1c0 WorkerThread "GC Thread#8" [stack: 0x000000f8d1800000,0x000000f8d1900000] [id=13048]
  0x000002b17903afd0 WorkerThread "GC Thread#9" [stack: 0x000000f8d1900000,0x000000f8d1a00000] [id=19436]
  0x000002b171893fe0 ConcurrentGCThread "G1 Main Marker" terminated
  0x000002b171894ac0 WorkerThread "G1 Conc#0" [stack: 0x000000f8cf700000,0x000000f8cf800000] [id=1292]
  0x000002b171932a20 ConcurrentGCThread "G1 Refine#0" terminated
  0x000002b171933470 ConcurrentGCThread "G1 Service" terminated

Threads with active compile tasks:

VM state: at safepoint (shutting down)

VM Mutex/Monitor currently owned by a thread:  ([mutex/lock_event])
[0x000002b14770db60] Threads_lock - owner thread: 0x000002b171a7ef10
[0x000002b14770dbf0] Heap_lock - owner thread: 0x000002b17902b3e0

Heap address: 0x0000000605800000, size: 8104 MB, Compressed Oops mode: Zero based, Oop shift amount: 3

CDS archive(s) mapped at: [0x0000000800000000-0x0000000800c40000-0x0000000800c40000), size 12845056, SharedBaseAddress: 0x0000000800000000, ArchiveRelocationMode: 0.
Compressed class space mapped at: 0x0000000801000000-0x0000000841000000, reserved size: 1073741824
Narrow klass base: 0x0000000800000000, Narrow klass shift: 0, Narrow klass range: 0x100000000

GC Precious Log:
 CardTable entry size: 512
 Card Set container configuration: InlinePtr #cards 4 size 8 Array Of Cards #cards 32 size 80 Howl #buckets 8 coarsen threshold 7372 Howl Bitmap #cards 1024 size 144 coarsen threshold 921 Card regions per heap region 1 cards per card region 8192
 CPUs: 12 total, 12 available
 Memory: 32400M
 Large Page Support: Disabled
 NUMA Support: Disabled
 Compressed Oops: Enabled (Zero based)
 Heap Region Size: 4M
 Heap Min Capacity: 8M
 Heap Initial Capacity: 508M
 Heap Max Capacity: 8104M
 Pre-touch: Disabled
 Parallel Workers: 10
 Concurrent Workers: 3
 Concurrent Refinement Workers: 10
 Periodic GC: Disabled

Heap:
 garbage-first heap   total 520192K, used 30709K [0x0000000605800000, 0x0000000800000000)
  region size 4096K, 6 young (24576K), 1 survivors (4096K)
 Metaspace       used 20462K, committed 20800K, reserved 1114112K
  class space    used 1789K, committed 1984K, reserved 1048576K

Heap Regions: E=young(eden), S=young(survivor), O=old, HS=humongous(starts), HC=humongous(continues), CS=collection set, F=free, OA=open archive, CA=closed archive, TAMS=top-at-mark-start (previous, next)
|   0|0x0000000605800000, 0x0000000605c00000, 0x0000000605c00000|100%|HS|  |TAMS 0x0000000605800000, 0x0000000605800000| Complete 
|   1|0x0000000605c00000, 0x0000000606000000, 0x0000000606000000|100%|HC|  |TAMS 0x0000000605c00000, 0x0000000605c00000| Complete 
|   2|0x0000000606000000, 0x0000000606400000, 0x0000000606400000|100%|HS|  |TAMS 0x0000000606000000, 0x0000000606000000| Complete 
|   3|0x0000000606400000, 0x0000000606736000, 0x0000000606800000| 80%| O|  |TAMS 0x0000000606400000, 0x0000000606400000| Untracked 
|   4|0x0000000606800000, 0x0000000606800000, 0x0000000606c00000|  0%| F|  |TAMS 0x0000000606800000, 0x0000000606800000| Untracked 
|   5|0x0000000606c00000, 0x0000000606c00000, 0x0000000607000000|  0%| F|  |TAMS 0x0000000606c00000, 0x0000000606c00000| Untracked 
|   6|0x0000000607000000, 0x0000000607000000, 0x0000000607400000|  0%| F|  |TAMS 0x0000000607000000, 0x0000000607000000| Untracked 
|   7|0x0000000607400000, 0x0000000607400000, 0x0000000607800000|  0%| F|  |TAMS 0x0000000607400000, 0x0000000607400000| Untracked 
|   8|0x0000000607800000, 0x0000000607800000, 0x0000000607c00000|  0%| F|  |TAMS 0x0000000607800000, 0x0000000607800000| Untracked 
|   9|0x0000000607c00000, 0x0000000607c00000, 0x0000000608000000|  0%| F|  |TAMS 0x0000000607c00000, 0x0000000607c00000| Untracked 
|  10|0x0000000608000000, 0x0000000608000000, 0x0000000608400000|  0%| F|  |TAMS 0x0000000608000000, 0x0000000608000000| Untracked 
|  11|0x0000000608400000, 0x0000000608400000, 0x0000000608800000|  0%| F|  |TAMS 0x0000000608400000, 0x0000000608400000| Untracked 
|  12|0x0000000608800000, 0x0000000608800000, 0x0000000608c00000|  0%| F|  |TAMS 0x0000000608800000, 0x0000000608800000| Untracked 
|  13|0x0000000608c00000, 0x0000000608c00000, 0x0000000609000000|  0%| F|  |TAMS 0x0000000608c00000, 0x0000000608c00000| Untracked 
|  14|0x0000000609000000, 0x0000000609000000, 0x0000000609400000|  0%| F|  |TAMS 0x0000000609000000, 0x0000000609000000| Untracked 
|  15|0x0000000609400000, 0x0000000609400000, 0x0000000609800000|  0%| F|  |TAMS 0x0000000609400000, 0x0000000609400000| Untracked 
|  16|0x0000000609800000, 0x0000000609800000, 0x0000000609c00000|  0%| F|  |TAMS 0x0000000609800000, 0x0000000609800000| Untracked 
|  17|0x0000000609c00000, 0x0000000609c00000, 0x000000060a000000|  0%| F|  |TAMS 0x0000000609c00000, 0x0000000609c00000| Untracked 
|  18|0x000000060a000000, 0x000000060a000000, 0x000000060a400000|  0%| F|  |TAMS 0x000000060a000000, 0x000000060a000000| Untracked 
|  19|0x000000060a400000, 0x000000060a400000, 0x000000060a800000|  0%| F|  |TAMS 0x000000060a400000, 0x000000060a400000| Untracked 
|  20|0x000000060a800000, 0x000000060a800000, 0x000000060ac00000|  0%| F|  |TAMS 0x000000060a800000, 0x000000060a800000| Untracked 
|  21|0x000000060ac00000, 0x000000060ac00000, 0x000000060b000000|  0%| F|  |TAMS 0x000000060ac00000, 0x000000060ac00000| Untracked 
|  22|0x000000060b000000, 0x000000060b000000, 0x000000060b400000|  0%| F|  |TAMS 0x000000060b000000, 0x000000060b000000| Untracked 
|  23|0x000000060b400000, 0x000000060b400000, 0x000000060b800000|  0%| F|  |TAMS 0x000000060b400000, 0x000000060b400000| Untracked 
|  24|0x000000060b800000, 0x000000060b800000, 0x000000060bc00000|  0%| F|  |TAMS 0x000000060b800000, 0x000000060b800000| Untracked 
|  25|0x000000060bc00000, 0x000000060bc00000, 0x000000060c000000|  0%| F|  |TAMS 0x000000060bc00000, 0x000000060bc00000| Untracked 
|  26|0x000000060c000000, 0x000000060c000000, 0x000000060c400000|  0%| F|  |TAMS 0x000000060c000000, 0x000000060c000000| Untracked 
|  27|0x000000060c400000, 0x000000060c400000, 0x000000060c800000|  0%| F|  |TAMS 0x000000060c400000, 0x000000060c400000| Untracked 
|  28|0x000000060c800000, 0x000000060c800000, 0x000000060cc00000|  0%| F|  |TAMS 0x000000060c800000, 0x000000060c800000| Untracked 
|  29|0x000000060cc00000, 0x000000060cc00000, 0x000000060d000000|  0%| F|  |TAMS 0x000000060cc00000, 0x000000060cc00000| Untracked 
|  30|0x000000060d000000, 0x000000060d000000, 0x000000060d400000|  0%| F|  |TAMS 0x000000060d000000, 0x000000060d000000| Untracked 
|  31|0x000000060d400000, 0x000000060d400000, 0x000000060d800000|  0%| F|  |TAMS 0x000000060d400000, 0x000000060d400000| Untracked 
|  32|0x000000060d800000, 0x000000060d800000, 0x000000060dc00000|  0%| F|  |TAMS 0x000000060d800000, 0x000000060d800000| Untracked 
|  33|0x000000060dc00000, 0x000000060dc00000, 0x000000060e000000|  0%| F|  |TAMS 0x000000060dc00000, 0x000000060dc00000| Untracked 
|  34|0x000000060e000000, 0x000000060e000000, 0x000000060e400000|  0%| F|  |TAMS 0x000000060e000000, 0x000000060e000000| Untracked 
|  35|0x000000060e400000, 0x000000060e400000, 0x000000060e800000|  0%| F|  |TAMS 0x000000060e400000, 0x000000060e400000| Untracked 
|  36|0x000000060e800000, 0x000000060e800000, 0x000000060ec00000|  0%| F|  |TAMS 0x000000060e800000, 0x000000060e800000| Untracked 
|  37|0x000000060ec00000, 0x000000060ec00000, 0x000000060f000000|  0%| F|  |TAMS 0x000000060ec00000, 0x000000060ec00000| Untracked 
|  38|0x000000060f000000, 0x000000060f000000, 0x000000060f400000|  0%| F|  |TAMS 0x000000060f000000, 0x000000060f000000| Untracked 
|  39|0x000000060f400000, 0x000000060f400000, 0x000000060f800000|  0%| F|  |TAMS 0x000000060f400000, 0x000000060f400000| Untracked 
|  40|0x000000060f800000, 0x000000060f800000, 0x000000060fc00000|  0%| F|  |TAMS 0x000000060f800000, 0x000000060f800000| Untracked 
|  41|0x000000060fc00000, 0x000000060fc00000, 0x0000000610000000|  0%| F|  |TAMS 0x000000060fc00000, 0x000000060fc00000| Untracked 
|  42|0x0000000610000000, 0x0000000610000000, 0x0000000610400000|  0%| F|  |TAMS 0x0000000610000000, 0x0000000610000000| Untracked 
|  43|0x0000000610400000, 0x0000000610400000, 0x0000000610800000|  0%| F|  |TAMS 0x0000000610400000, 0x0000000610400000| Untracked 
|  44|0x0000000610800000, 0x0000000610800000, 0x0000000610c00000|  0%| F|  |TAMS 0x0000000610800000, 0x0000000610800000| Untracked 
|  45|0x0000000610c00000, 0x0000000610c00000, 0x0000000611000000|  0%| F|  |TAMS 0x0000000610c00000, 0x0000000610c00000| Untracked 
|  46|0x0000000611000000, 0x0000000611000000, 0x0000000611400000|  0%| F|  |TAMS 0x0000000611000000, 0x0000000611000000| Untracked 
|  47|0x0000000611400000, 0x0000000611400000, 0x0000000611800000|  0%| F|  |TAMS 0x0000000611400000, 0x0000000611400000| Untracked 
|  48|0x0000000611800000, 0x0000000611800000, 0x0000000611c00000|  0%| F|  |TAMS 0x0000000611800000, 0x0000000611800000| Untracked 
|  49|0x0000000611c00000, 0x0000000611c00000, 0x0000000612000000|  0%| F|  |TAMS 0x0000000611c00000, 0x0000000611c00000| Untracked 
|  50|0x0000000612000000, 0x0000000612000000, 0x0000000612400000|  0%| F|  |TAMS 0x0000000612000000, 0x0000000612000000| Untracked 
|  51|0x0000000612400000, 0x0000000612400000, 0x0000000612800000|  0%| F|  |TAMS 0x0000000612400000, 0x0000000612400000| Untracked 
|  52|0x0000000612800000, 0x0000000612800000, 0x0000000612c00000|  0%| F|  |TAMS 0x0000000612800000, 0x0000000612800000| Untracked 
|  53|0x0000000612c00000, 0x0000000612c00000, 0x0000000613000000|  0%| F|  |TAMS 0x0000000612c00000, 0x0000000612c00000| Untracked 
|  54|0x0000000613000000, 0x0000000613000000, 0x0000000613400000|  0%| F|  |TAMS 0x0000000613000000, 0x0000000613000000| Untracked 
|  55|0x0000000613400000, 0x0000000613400000, 0x0000000613800000|  0%| F|  |TAMS 0x0000000613400000, 0x0000000613400000| Untracked 
|  56|0x0000000613800000, 0x0000000613800000, 0x0000000613c00000|  0%| F|  |TAMS 0x0000000613800000, 0x0000000613800000| Untracked 
|  57|0x0000000613c00000, 0x0000000613c00000, 0x0000000614000000|  0%| F|  |TAMS 0x0000000613c00000, 0x0000000613c00000| Untracked 
|  58|0x0000000614000000, 0x0000000614000000, 0x0000000614400000|  0%| F|  |TAMS 0x0000000614000000, 0x0000000614000000| Untracked 
|  59|0x0000000614400000, 0x0000000614400000, 0x0000000614800000|  0%| F|  |TAMS 0x0000000614400000, 0x0000000614400000| Untracked 
|  60|0x0000000614800000, 0x0000000614800000, 0x0000000614c00000|  0%| F|  |TAMS 0x0000000614800000, 0x0000000614800000| Untracked 
|  61|0x0000000614c00000, 0x0000000614c00000, 0x0000000615000000|  0%| F|  |TAMS 0x0000000614c00000, 0x0000000614c00000| Untracked 
|  62|0x0000000615000000, 0x0000000615000000, 0x0000000615400000|  0%| F|  |TAMS 0x0000000615000000, 0x0000000615000000| Untracked 
|  63|0x0000000615400000, 0x0000000615400000, 0x0000000615800000|  0%| F|  |TAMS 0x0000000615400000, 0x0000000615400000| Untracked 
|  64|0x0000000615800000, 0x0000000615800000, 0x0000000615c00000|  0%| F|  |TAMS 0x0000000615800000, 0x0000000615800000| Untracked 
|  65|0x0000000615c00000, 0x0000000615c00000, 0x0000000616000000|  0%| F|  |TAMS 0x0000000615c00000, 0x0000000615c00000| Untracked 
|  66|0x0000000616000000, 0x0000000616000000, 0x0000000616400000|  0%| F|  |TAMS 0x0000000616000000, 0x0000000616000000| Untracked 
|  67|0x0000000616400000, 0x0000000616400000, 0x0000000616800000|  0%| F|  |TAMS 0x0000000616400000, 0x0000000616400000| Untracked 
|  68|0x0000000616800000, 0x0000000616800000, 0x0000000616c00000|  0%| F|  |TAMS 0x0000000616800000, 0x0000000616800000| Untracked 
|  69|0x0000000616c00000, 0x0000000616c00000, 0x0000000617000000|  0%| F|  |TAMS 0x0000000616c00000, 0x0000000616c00000| Untracked 
|  70|0x0000000617000000, 0x0000000617000000, 0x0000000617400000|  0%| F|  |TAMS 0x0000000617000000, 0x0000000617000000| Untracked 
|  71|0x0000000617400000, 0x0000000617400000, 0x0000000617800000|  0%| F|  |TAMS 0x0000000617400000, 0x0000000617400000| Untracked 
|  72|0x0000000617800000, 0x0000000617800000, 0x0000000617c00000|  0%| F|  |TAMS 0x0000000617800000, 0x0000000617800000| Untracked 
|  73|0x0000000617c00000, 0x0000000617c00000, 0x0000000618000000|  0%| F|  |TAMS 0x0000000617c00000, 0x0000000617c00000| Untracked 
|  74|0x0000000618000000, 0x0000000618000000, 0x0000000618400000|  0%| F|  |TAMS 0x0000000618000000, 0x0000000618000000| Untracked 
|  75|0x0000000618400000, 0x0000000618400000, 0x0000000618800000|  0%| F|  |TAMS 0x0000000618400000, 0x0000000618400000| Untracked 
|  76|0x0000000618800000, 0x0000000618800000, 0x0000000618c00000|  0%| F|  |TAMS 0x0000000618800000, 0x0000000618800000| Untracked 
|  77|0x0000000618c00000, 0x0000000618c00000, 0x0000000619000000|  0%| F|  |TAMS 0x0000000618c00000, 0x0000000618c00000| Untracked 
|  78|0x0000000619000000, 0x0000000619000000, 0x0000000619400000|  0%| F|  |TAMS 0x0000000619000000, 0x0000000619000000| Untracked 
|  79|0x0000000619400000, 0x0000000619400000, 0x0000000619800000|  0%| F|  |TAMS 0x0000000619400000, 0x0000000619400000| Untracked 
|  80|0x0000000619800000, 0x0000000619800000, 0x0000000619c00000|  0%| F|  |TAMS 0x0000000619800000, 0x0000000619800000| Untracked 
|  81|0x0000000619c00000, 0x0000000619c00000, 0x000000061a000000|  0%| F|  |TAMS 0x0000000619c00000, 0x0000000619c00000| Untracked 
|  82|0x000000061a000000, 0x000000061a000000, 0x000000061a400000|  0%| F|  |TAMS 0x000000061a000000, 0x000000061a000000| Untracked 
|  83|0x000000061a400000, 0x000000061a400000, 0x000000061a800000|  0%| F|  |TAMS 0x000000061a400000, 0x000000061a400000| Untracked 
|  84|0x000000061a800000, 0x000000061a800000, 0x000000061ac00000|  0%| F|  |TAMS 0x000000061a800000, 0x000000061a800000| Untracked 
|  85|0x000000061ac00000, 0x000000061ac00000, 0x000000061b000000|  0%| F|  |TAMS 0x000000061ac00000, 0x000000061ac00000| Untracked 
|  86|0x000000061b000000, 0x000000061b000000, 0x000000061b400000|  0%| F|  |TAMS 0x000000061b000000, 0x000000061b000000| Untracked 
|  87|0x000000061b400000, 0x000000061b400000, 0x000000061b800000|  0%| F|  |TAMS 0x000000061b400000, 0x000000061b400000| Untracked 
|  88|0x000000061b800000, 0x000000061b800000, 0x000000061bc00000|  0%| F|  |TAMS 0x000000061b800000, 0x000000061b800000| Untracked 
|  89|0x000000061bc00000, 0x000000061bc00000, 0x000000061c000000|  0%| F|  |TAMS 0x000000061bc00000, 0x000000061bc00000| Untracked 
|  90|0x000000061c000000, 0x000000061c000000, 0x000000061c400000|  0%| F|  |TAMS 0x000000061c000000, 0x000000061c000000| Untracked 
|  91|0x000000061c400000, 0x000000061c400000, 0x000000061c800000|  0%| F|  |TAMS 0x000000061c400000, 0x000000061c400000| Untracked 
|  92|0x000000061c800000, 0x000000061c800000, 0x000000061cc00000|  0%| F|  |TAMS 0x000000061c800000, 0x000000061c800000| Untracked 
|  93|0x000000061cc00000, 0x000000061cc00000, 0x000000061d000000|  0%| F|  |TAMS 0x000000061cc00000, 0x000000061cc00000| Untracked 
|  94|0x000000061d000000, 0x000000061d000000, 0x000000061d400000|  0%| F|  |TAMS 0x000000061d000000, 0x000000061d000000| Untracked 
|  95|0x000000061d400000, 0x000000061d400000, 0x000000061d800000|  0%| F|  |TAMS 0x000000061d400000, 0x000000061d400000| Untracked 
|  96|0x000000061d800000, 0x000000061d800000, 0x000000061dc00000|  0%| F|  |TAMS 0x000000061d800000, 0x000000061d800000| Untracked 
|  97|0x000000061dc00000, 0x000000061dc00000, 0x000000061e000000|  0%| F|  |TAMS 0x000000061dc00000, 0x000000061dc00000| Untracked 
|  98|0x000000061e000000, 0x000000061e000000, 0x000000061e400000|  0%| F|  |TAMS 0x000000061e000000, 0x000000061e000000| Untracked 
|  99|0x000000061e400000, 0x000000061e400000, 0x000000061e800000|  0%| F|  |TAMS 0x000000061e400000, 0x000000061e400000| Untracked 
| 100|0x000000061e800000, 0x000000061e800000, 0x000000061ec00000|  0%| F|  |TAMS 0x000000061e800000, 0x000000061e800000| Untracked 
| 101|0x000000061ec00000, 0x000000061ec00000, 0x000000061f000000|  0%| F|  |TAMS 0x000000061ec00000, 0x000000061ec00000| Untracked 
| 102|0x000000061f000000, 0x000000061f000000, 0x000000061f400000|  0%| F|  |TAMS 0x000000061f000000, 0x000000061f000000| Untracked 
| 103|0x000000061f400000, 0x000000061f400000, 0x000000061f800000|  0%| F|  |TAMS 0x000000061f400000, 0x000000061f400000| Untracked 
| 104|0x000000061f800000, 0x000000061f800000, 0x000000061fc00000|  0%| F|  |TAMS 0x000000061f800000, 0x000000061f800000| Untracked 
| 105|0x000000061fc00000, 0x000000061fc00000, 0x0000000620000000|  0%| F|  |TAMS 0x000000061fc00000, 0x000000061fc00000| Untracked 
| 106|0x0000000620000000, 0x0000000620000000, 0x0000000620400000|  0%| F|  |TAMS 0x0000000620000000, 0x0000000620000000| Untracked 
| 107|0x0000000620400000, 0x0000000620400000, 0x0000000620800000|  0%| F|  |TAMS 0x0000000620400000, 0x0000000620400000| Untracked 
| 108|0x0000000620800000, 0x0000000620800000, 0x0000000620c00000|  0%| F|  |TAMS 0x0000000620800000, 0x0000000620800000| Untracked 
| 109|0x0000000620c00000, 0x0000000620c00000, 0x0000000621000000|  0%| F|  |TAMS 0x0000000620c00000, 0x0000000620c00000| Untracked 
| 110|0x0000000621000000, 0x0000000621000000, 0x0000000621400000|  0%| F|  |TAMS 0x0000000621000000, 0x0000000621000000| Untracked 
| 111|0x0000000621400000, 0x0000000621400000, 0x0000000621800000|  0%| F|  |TAMS 0x0000000621400000, 0x0000000621400000| Untracked 
| 112|0x0000000621800000, 0x0000000621800000, 0x0000000621c00000|  0%| F|  |TAMS 0x0000000621800000, 0x0000000621800000| Untracked 
| 113|0x0000000621c00000, 0x0000000621c00000, 0x0000000622000000|  0%| F|  |TAMS 0x0000000621c00000, 0x0000000621c00000| Untracked 
| 114|0x0000000622000000, 0x0000000622000000, 0x0000000622400000|  0%| F|  |TAMS 0x0000000622000000, 0x0000000622000000| Untracked 
| 115|0x0000000622400000, 0x0000000622400000, 0x0000000622800000|  0%| F|  |TAMS 0x0000000622400000, 0x0000000622400000| Untracked 
| 116|0x0000000622800000, 0x0000000622800000, 0x0000000622c00000|  0%| F|  |TAMS 0x0000000622800000, 0x0000000622800000| Untracked 
| 117|0x0000000622c00000, 0x0000000622c00000, 0x0000000623000000|  0%| F|  |TAMS 0x0000000622c00000, 0x0000000622c00000| Untracked 
| 118|0x0000000623000000, 0x00000006232c7550, 0x0000000623400000| 69%| S|CS|TAMS 0x0000000623000000, 0x0000000623000000| Complete 
| 119|0x0000000623400000, 0x0000000623400000, 0x0000000623800000|  0%| F|  |TAMS 0x0000000623400000, 0x0000000623400000| Untracked 
| 120|0x0000000623800000, 0x0000000623800000, 0x0000000623c00000|  0%| F|  |TAMS 0x0000000623800000, 0x0000000623800000| Untracked 
| 121|0x0000000623c00000, 0x0000000623c00000, 0x0000000624000000|  0%| F|  |TAMS 0x0000000623c00000, 0x0000000623c00000| Untracked 
| 122|0x0000000624000000, 0x0000000624106f58, 0x0000000624400000| 25%| E|  |TAMS 0x0000000624000000, 0x0000000624000000| Complete 
| 123|0x0000000624400000, 0x0000000624800000, 0x0000000624800000|100%| E|CS|TAMS 0x0000000624400000, 0x0000000624400000| Complete 
| 124|0x0000000624800000, 0x0000000624c00000, 0x0000000624c00000|100%| E|CS|TAMS 0x0000000624800000, 0x0000000624800000| Complete 
| 125|0x0000000624c00000, 0x0000000625000000, 0x0000000625000000|100%| E|CS|TAMS 0x0000000624c00000, 0x0000000624c00000| Complete 
| 126|0x0000000625000000, 0x0000000625400000, 0x0000000625400000|100%| E|  |TAMS 0x0000000625000000, 0x0000000625000000| Complete 

Card table byte_map: [0x000002b15fb90000,0x000002b160b70000] _byte_map_base: 0x000002b15cb64000

Marking Bits (Prev, Next): (CMBitMap*) 0x000002b1477c0a90, (CMBitMap*) 0x000002b1477c0ad0
 Prev Bits: [0x000002b161b50000, 0x000002b1699f0000)
 Next Bits: [0x000002b1699f0000, 0x000002b171890000)

Polling page: 0x000002b146e80000

Metaspace:

Usage:
  Non-class:     18.24 MB used.
      Class:      1.75 MB used.
       Both:     19.98 MB used.

Virtual space:
  Non-class space:       64.00 MB reserved,      18.38 MB ( 29%) committed,  1 nodes.
      Class space:        1.00 GB reserved,       1.94 MB ( <1%) committed,  1 nodes.
             Both:        1.06 GB reserved,      20.31 MB (  2%) committed. 

Chunk freelists:
   Non-Class:  720.00 KB
       Class:  2.12 MB
        Both:  2.83 MB

MaxMetaspaceSize: unlimited
CompressedClassSpaceSize: 1.00 GB
Initial GC threshold: 21.00 MB
Current GC threshold: 21.00 MB
CDS: on
MetaspaceReclaimPolicy: balanced
 - commit_granule_bytes: 65536.
 - commit_granule_words: 8192.
 - virtual_space_node_default_size: 8388608.
 - enlarge_chunks_in_place: 1.
 - new_chunks_are_fully_committed: 0.
 - uncommit_free_chunks: 1.
 - use_allocation_guard: 0.


Internal statistics:

num_allocs_failed_limit: 0.
num_arena_births: 280.
num_arena_deaths: 0.
num_vsnodes_births: 2.
num_vsnodes_deaths: 0.
num_space_committed: 321.
num_space_uncommitted: 0.
num_chunks_returned_to_freelist: 0.
num_chunks_taken_from_freelist: 636.
num_chunk_merges: 0.
num_chunk_splits: 459.
num_chunks_enlarged: 351.
num_inconsistent_stats: 0.

CodeHeap 'non-profiled nmethods': size=120000Kb used=978Kb max_used=978Kb free=119021Kb
 bounds [0x000002b157130000, 0x000002b1573a0000, 0x000002b15e660000]
CodeHeap 'profiled nmethods': size=120000Kb used=4509Kb max_used=4509Kb free=115490Kb
 bounds [0x000002b14f660000, 0x000002b14fad0000, 0x000002b156b90000]
CodeHeap 'non-nmethods': size=5760Kb used=1733Kb max_used=1752Kb free=4027Kb
 bounds [0x000002b156b90000, 0x000002b156e00000, 0x000002b157130000]
 total_blobs=3516 nmethods=2436 adapters=990
 compilation: enabled
              stopped_count=0, restarted_count=0
 full_count=0

Compilation events (20 events):
Event: 10.831 Thread 0x000002b17882b6f0 2432       3       processing.opengl.PGraphicsOpenGL$TexCache::addTexture (85 bytes)
Event: 10.832 Thread 0x000002b17882b6f0 nmethod 2432 0x000002b14fabfe90 code [0x000002b14fac0060, 0x000002b14fac04c8]
Event: 10.858 Thread 0x000002b17882b6f0 2433       3       sun.awt.EventQueueItem::<init> (10 bytes)
Event: 10.858 Thread 0x000002b17882b6f0 nmethod 2433 0x000002b14fac0710 code [0x000002b14fac08c0, 0x000002b14fac0a78]
Event: 11.113 Thread 0x000002b17882b6f0 2434       3       java.util.concurrent.ConcurrentLinkedQueue$Itr::<init> (75 bytes)
Event: 11.117 Thread 0x000002b17882b6f0 nmethod 2434 0x000002b14fac0b10 code [0x000002b14fac0f00, 0x000002b14fac2ce8]
Event: 11.117 Thread 0x000002b17882b6f0 2435       3       java.util.concurrent.ConcurrentLinkedQueue::updateHead (26 bytes)
Event: 11.119 Thread 0x000002b17882b6f0 nmethod 2435 0x000002b14fac3510 code [0x000002b14fac38a0, 0x000002b14fac5178]
Event: 11.179 Thread 0x000002b17882b6f0 2436       3       processing.opengl.PShader::setVertexAttribute (17 bytes)
Event: 11.180 Thread 0x000002b17882b6f0 nmethod 2436 0x000002b14fac5890 code [0x000002b14fac5a40, 0x000002b14fac5ba8]
Event: 11.180 Thread 0x000002b17882b6f0 2437       3       processing.opengl.PShader::setColorAttribute (17 bytes)
Event: 11.180 Thread 0x000002b17882b6f0 nmethod 2437 0x000002b14fac5c90 code [0x000002b14fac5e40, 0x000002b14fac5fa8]
Event: 11.180 Thread 0x000002b17882b6f0 2438       3       processing.opengl.PShader::draw (42 bytes)
Event: 11.180 Thread 0x000002b17882b6f0 nmethod 2438 0x000002b14fac6090 code [0x000002b14fac6280, 0x000002b14fac6768]
Event: 11.180 Thread 0x000002b17882b6f0 2439       3       processing.opengl.PShader::unbind (36 bytes)
Event: 11.181 Thread 0x000002b17882b6f0 nmethod 2439 0x000002b14fac6990 code [0x000002b14fac6b80, 0x000002b14fac6fc8]
Event: 11.337 Thread 0x000002b178819c40 2440       4       jogamp.opengl.gl4.GL4bcImpl::glBindBuffer (54 bytes)
Event: 11.342 Thread 0x000002b178819c40 nmethod 2440 0x000002b157224210 code [0x000002b1572243a0, 0x000002b1572245a8]
Event: 11.353 Thread 0x000002b17882b6f0 2441       3       java.util.ArrayList::remove (26 bytes)
Event: 11.354 Thread 0x000002b17882b6f0 nmethod 2441 0x000002b14fac7190 code [0x000002b14fac7340, 0x000002b14fac7568]

GC Heap History (4 events):
Event: 3.334 GC heap before
{Heap before GC invocations=0 (full 0):
 garbage-first heap   total 520192K, used 32768K [0x0000000605800000, 0x0000000800000000)
  region size 4096K, 6 young (24576K), 0 survivors (0K)
 Metaspace       used 11941K, committed 12160K, reserved 1114112K
  class space    used 1244K, committed 1344K, reserved 1048576K
}
Event: 3.348 GC heap after
{Heap after GC invocations=1 (full 0):
 garbage-first heap   total 520192K, used 15896K [0x0000000605800000, 0x0000000800000000)
  region size 4096K, 1 young (4096K), 1 survivors (4096K)
 Metaspace       used 11941K, committed 12160K, reserved 1114112K
  class space    used 1244K, committed 1344K, reserved 1048576K
}
Event: 5.539 GC heap before
{Heap before GC invocations=1 (full 0):
 garbage-first heap   total 520192K, used 44568K [0x0000000605800000, 0x0000000800000000)
  region size 4096K, 8 young (32768K), 1 survivors (4096K)
 Metaspace       used 17833K, committed 18112K, reserved 1114112K
  class space    used 1567K, committed 1728K, reserved 1048576K
}
Event: 5.554 GC heap after
{Heap after GC invocations=2 (full 0):
 garbage-first heap   total 520192K, used 18421K [0x0000000605800000, 0x0000000800000000)
  region size 4096K, 1 young (4096K), 1 survivors (4096K)
 Metaspace       used 17833K, committed 18112K, reserved 1114112K
  class space    used 1567K, committed 1728K, reserved 1048576K
}

Dll operation events (20 events):
Event: 0.073 Loaded shared library C:\Users\egleagr\.jdks\openjdk-19.0.2\bin\jsvml.dll
Event: 0.164 Loaded shared library C:\Users\egleagr\.jdks\openjdk-19.0.2\bin\zip.dll
Event: 0.170 Loaded shared library C:\Users\egleagr\.jdks\openjdk-19.0.2\bin\instrument.dll
Event: 0.181 Loaded shared library C:\Users\egleagr\.jdks\openjdk-19.0.2\bin\net.dll
Event: 0.188 Loaded shared library C:\Users\egleagr\.jdks\openjdk-19.0.2\bin\nio.dll
Event: 0.194 Loaded shared library C:\Users\egleagr\.jdks\openjdk-19.0.2\bin\zip.dll
Event: 0.232 Loaded shared library C:\Program Files\JetBrains\IntelliJ IDEA Community Edition 2022.3.2\bin\breakgen64.dll
Event: 0.249 Loaded shared library C:\Users\egleagr\.jdks\openjdk-19.0.2\bin\extnet.dll
Event: 0.348 Loaded shared library C:\Users\egleagr\.jdks\openjdk-19.0.2\bin\jimage.dll
Event: 0.395 Loaded shared library C:\Users\egleagr\.jdks\openjdk-19.0.2\bin\awt.dll
Event: 1.211 Loaded shared library C:\Users\egleagr\.jdks\openjdk-19.0.2\bin\freetype.dll
Event: 1.214 Loaded shared library C:\Users\egleagr\.jdks\openjdk-19.0.2\bin\fontmanager.dll
Event: 4.186 Loaded shared library C:\RubicCube\lib\gluegen_rt.dll
Event: 4.204 Loaded shared library C:\Users\egleagr\.jdks\openjdk-19.0.2\bin\jawt.dll
Event: 4.212 Loaded shared library C:\RubicCube\lib\nativewindow_awt.dll
Event: 4.238 Loaded shared library C:\RubicCube\lib\nativewindow_win32.dll
Event: 4.417 Loaded shared library C:\RubicCube\lib\jogl_desktop.dll
Event: 4.490 Loaded shared library C:\RubicCube\lib\jogl_mobile.dll
Event: 5.731 Loaded shared library C:\RubicCube\lib\newt_head.dll
Event: 6.214 Loaded shared library C:\Users\egleagr\.jdks\openjdk-19.0.2\bin\verify.dll

Deoptimization events (20 events):
Event: 6.358 Thread 0x000002b17902b3e0 Uncommon trap: trap_request=0xffffffde fr.pc=0x000002b1571dddb0 relative=0x0000000000000270
Event: 6.358 Thread 0x000002b17902b3e0 Uncommon trap: reason=class_check action=maybe_recompile pc=0x000002b1571dddb0 method=java.util.regex.Matcher.search(I)Z @ 121 c2
Event: 6.358 Thread 0x000002b17902b3e0 DEOPT PACKING pc=0x000002b1571dddb0 sp=0x000000f8d24fe950
Event: 6.358 Thread 0x000002b17902b3e0 DEOPT UNPACKING pc=0x000002b156bf6da3 sp=0x000000f8d24fe8e0 mode 2
Event: 6.358 Thread 0x000002b17902b3e0 Uncommon trap: trap_request=0xffffffde fr.pc=0x000002b1571dddb0 relative=0x0000000000000270
Event: 6.358 Thread 0x000002b17902b3e0 Uncommon trap: reason=class_check action=maybe_recompile pc=0x000002b1571dddb0 method=java.util.regex.Matcher.search(I)Z @ 121 c2
Event: 6.358 Thread 0x000002b17902b3e0 DEOPT PACKING pc=0x000002b1571dddb0 sp=0x000000f8d24fe950
Event: 6.358 Thread 0x000002b17902b3e0 DEOPT UNPACKING pc=0x000002b156bf6da3 sp=0x000000f8d24fe8e0 mode 2
Event: 6.358 Thread 0x000002b17902b3e0 Uncommon trap: trap_request=0xffffffde fr.pc=0x000002b1571dddb0 relative=0x0000000000000270
Event: 6.358 Thread 0x000002b17902b3e0 Uncommon trap: reason=class_check action=maybe_recompile pc=0x000002b1571dddb0 method=java.util.regex.Matcher.search(I)Z @ 121 c2
Event: 6.358 Thread 0x000002b17902b3e0 DEOPT PACKING pc=0x000002b1571dddb0 sp=0x000000f8d24fe950
Event: 6.358 Thread 0x000002b17902b3e0 DEOPT UNPACKING pc=0x000002b156bf6da3 sp=0x000000f8d24fe8e0 mode 2
Event: 6.358 Thread 0x000002b17902b3e0 Uncommon trap: trap_request=0xffffffde fr.pc=0x000002b1571dddb0 relative=0x0000000000000270
Event: 6.358 Thread 0x000002b17902b3e0 Uncommon trap: reason=class_check action=maybe_recompile pc=0x000002b1571dddb0 method=java.util.regex.Matcher.search(I)Z @ 121 c2
Event: 6.358 Thread 0x000002b17902b3e0 DEOPT PACKING pc=0x000002b1571dddb0 sp=0x000000f8d24fe950
Event: 6.358 Thread 0x000002b17902b3e0 DEOPT UNPACKING pc=0x000002b156bf6da3 sp=0x000000f8d24fe8e0 mode 2
Event: 6.805 Thread 0x000002b17902b3e0 Uncommon trap: trap_request=0xffffff45 fr.pc=0x000002b1571ad8fc relative=0x000000000000005c
Event: 6.805 Thread 0x000002b17902b3e0 Uncommon trap: reason=unstable_if action=reinterpret pc=0x000002b1571ad8fc method=java.lang.invoke.MethodHandle.maybeCustomize()V @ 19 c2
Event: 6.805 Thread 0x000002b17902b3e0 DEOPT PACKING pc=0x000002b1571ad8fc sp=0x000000f8d24feaa0
Event: 6.805 Thread 0x000002b17902b3e0 DEOPT UNPACKING pc=0x000002b156bf6da3 sp=0x000000f8d24fe9c8 mode 2

Classes loaded (20 events):
Event: 6.307 Loading class java/util/regex/Pattern$LookBehindEndNode
Event: 6.308 Loading class java/util/regex/Pattern$LookBehindEndNode done
Event: 6.308 Loading class java/util/regex/Pattern$NotBehind
Event: 6.309 Loading class java/util/regex/Pattern$NotBehind done
Event: 6.309 Loading class java/util/regex/Pattern$Neg
Event: 6.309 Loading class java/util/regex/Pattern$Neg done
Event: 6.310 Loading class java/util/regex/Pattern$Pos
Event: 6.310 Loading class java/util/regex/Pattern$Pos done
Event: 6.358 Loading class java/util/regex/Pattern$SliceS
Event: 6.358 Loading class java/util/regex/Pattern$SliceS done
Event: 6.853 Loading class javax/swing/text/GapContent$RemoveUndo
Event: 6.854 Loading class javax/swing/text/GapContent$RemoveUndo done
Event: 6.854 Loading class javax/swing/text/GapContent$UndoPosRef
Event: 6.854 Loading class javax/swing/text/GapContent$UndoPosRef done
Event: 11.354 Loading class java/nio/channels/ClosedChannelException
Event: 11.354 Loading class java/nio/channels/ClosedChannelException done
Event: 11.355 Loading class java/util/WeakHashMap$KeyIterator
Event: 11.355 Loading class java/util/WeakHashMap$HashIterator
Event: 11.355 Loading class java/util/WeakHashMap$HashIterator done
Event: 11.355 Loading class java/util/WeakHashMap$KeyIterator done

Classes unloaded (0 events):
No events

Classes redefined (0 events):
No events

Internal exceptions (20 events):
Event: 2.817 Thread 0x000002b178bf7530 Implicit null exception at 0x000002b15715cb2f to 0x000002b15715cba9
Event: 3.151 Thread 0x000002b178bf7530 Exception <a 'java/lang/NoSuchMethodError'{0x0000000623d26488}: 'void java.lang.invoke.DirectMethodHandle$Holder.invokeStatic(java.lang.Object, long)'> (0x0000000623d26488) 
thrown [s\open\src\hotspot\share\interpreter\linkResolver.cpp, line 774]
Event: 3.152 Thread 0x000002b178bf7530 Exception <a 'java/lang/NoSuchMethodError'{0x0000000623d2bae8}: 'java.lang.Object java.lang.invoke.DirectMethodHandle$Holder.newInvokeSpecial(java.lang.Object, long)'> (0x0000000623d2bae8) 
thrown [s\open\src\hotspot\share\interpreter\linkResolver.cpp, line 774]
Event: 3.154 Thread 0x000002b178bf7530 Exception <a 'java/lang/NoSuchMethodError'{0x0000000623d32f90}: 'java.lang.Object java.lang.invoke.DirectMethodHandle$Holder.invokeStatic(java.lang.Object, long, java.lang.Object)'> (0x0000000623d32f90) 
thrown [s\open\src\hotspot\share\interpreter\linkResolver.cpp, line 774]
Event: 3.155 Thread 0x000002b178bf7530 Exception <a 'java/lang/NoSuchMethodError'{0x0000000623d36c70}: 'java.lang.Object java.lang.invoke.DirectMethodHandle$Holder.invokeStaticInit(java.lang.Object, long, java.lang.Object)'> (0x0000000623d36c70) 
thrown [s\open\src\hotspot\share\interpreter\linkResolver.cpp, line 774]
Event: 3.446 Thread 0x000002b178bf7530 Implicit null exception at 0x000002b157176fd2 to 0x000002b15717755c
Event: 3.469 Thread 0x000002b178bf7530 Exception <a 'java/lang/NoSuchMethodError'{0x000000062536fba8}: 'int java.lang.invoke.DirectMethodHandle$Holder.invokeSpecial(java.lang.Object, java.lang.Object, java.lang.Object)'> (0x000000062536fba8) 
thrown [s\open\src\hotspot\share\interpreter\linkResolver.cpp, line 774]
Event: 4.178 Thread 0x000002b178bf7530 Exception <a 'sun/nio/fs/WindowsException'{0x00000006253a2a38}> (0x00000006253a2a38) 
thrown [s\open\src\hotspot\share\prims\jni.cpp, line 517]
Event: 4.188 Thread 0x000002b178bf7530 Exception <a 'java/lang/NoSuchMethodError'{0x00000006253a8ed0}: 'int java.lang.invoke.DirectMethodHandle$Holder.invokeStatic(java.lang.Object)'> (0x00000006253a8ed0) 
thrown [s\open\src\hotspot\share\interpreter\linkResolver.cpp, line 774]
Event: 4.189 Thread 0x000002b178bf7530 Exception <a 'java/lang/NoSuchMethodError'{0x00000006253ac8f0}: 'int java.lang.invoke.DelegatingMethodHandle$Holder.reinvoke_L(java.lang.Object)'> (0x00000006253ac8f0) 
thrown [s\open\src\hotspot\share\interpreter\linkResolver.cpp, line 774]
Event: 4.207 Thread 0x000002b178bf7530 Exception <a 'sun/nio/fs/WindowsException'{0x0000000624c1dbb0}> (0x0000000624c1dbb0) 
thrown [s\open\src\hotspot\share\prims\jni.cpp, line 517]
Event: 4.224 Thread 0x000002b178bf7530 Exception <a 'java/lang/NoSuchMethodError'{0x0000000624c63c88}: 'java.lang.Object java.lang.invoke.DirectMethodHandle$Holder.invokeInterface(java.lang.Object, java.lang.Object)'> (0x0000000624c63c88) 
thrown [s\open\src\hotspot\share\interpreter\linkResolver.cpp, line 774]
Event: 4.224 Thread 0x000002b178bf7530 Exception <a 'java/lang/IncompatibleClassChangeError'{0x0000000624c67c48}: Found class java.lang.Object, but interface was expected> (0x0000000624c67c48) 
thrown [s\open\src\hotspot\share\interpreter\linkResolver.cpp, line 841]
Event: 4.422 Thread 0x000002b178bf7530 Exception <a 'java/lang/NoSuchMethodError'{0x0000000624992c20}: 'long java.lang.invoke.DelegatingMethodHandle$Holder.reinvoke_L(java.lang.Object, java.lang.Object)'> (0x0000000624992c20) 
thrown [s\open\src\hotspot\share\interpreter\linkResolver.cpp, line 774]
Event: 4.424 Thread 0x000002b178bf7530 Exception <a 'java/lang/NoSuchMethodError'{0x000000062499d480}: 'void java.lang.invoke.DelegatingMethodHandle$Holder.reinvoke_L(java.lang.Object, java.lang.Object, long)'> (0x000000062499d480) 
thrown [s\open\src\hotspot\share\interpreter\linkResolver.cpp, line 774]
Event: 5.213 Thread 0x000002b17902b930 Exception <a 'java/lang/NoSuchMethodError'{0x0000000623f9ffb0}: 'long java.lang.invoke.Invokers$Holder.invokeExact_MT(java.lang.Object, java.lang.Object, java.lang.Object)'> (0x0000000623f9ffb0) 
thrown [s\open\src\hotspot\share\interpreter\linkResolver.cpp, line 774]
Event: 5.910 Thread 0x000002b178bf7530 Exception <a 'java/lang/NoSuchMethodError'{0x0000000624d95140}: 'void java.lang.invoke.DirectMethodHandle$Holder.invokeSpecial(java.lang.Object, java.lang.Object, java.lang.Object, java.lang.Object, java.lang.Object)'> (0x0000000624d95140) 
thrown [s\open\src\hotspot\share\interpreter\linkResolver.cpp, line 774]
Event: 5.912 Thread 0x000002b178bf7530 Exception <a 'java/lang/NoSuchMethodError'{0x0000000624da35d0}: 'void java.lang.invoke.DirectMethodHandle$Holder.invokeSpecial(java.lang.Object, java.lang.Object, int)'> (0x0000000624da35d0) 
thrown [s\open\src\hotspot\share\interpreter\linkResolver.cpp, line 774]
Event: 5.913 Thread 0x000002b178bf7530 Exception <a 'java/lang/NoSuchMethodError'{0x0000000624da96a0}: 'java.lang.Object java.lang.invoke.DirectMethodHandle$Holder.newInvokeSpecial(java.lang.Object, java.lang.Object, int)'> (0x0000000624da96a0) 
thrown [s\open\src\hotspot\share\interpreter\linkResolver.cpp, line 774]
Event: 11.352 Thread 0x000002b17902ae90 Exception <a 'java/lang/InterruptedException'{0x00000006247a5ee8}> (0x00000006247a5ee8) 
thrown [s\open\src\hotspot\share\runtime\objectMonitor.cpp, line 1648]

VM Operations (20 events):
Event: 3.348 Executing VM operation: G1CollectForAllocation done
Event: 4.164 Executing VM operation: HandshakeAllThreads
Event: 4.164 Executing VM operation: HandshakeAllThreads done
Event: 4.177 Executing VM operation: HandshakeAllThreads
Event: 4.177 Executing VM operation: HandshakeAllThreads done
Event: 5.190 Executing VM operation: Cleanup
Event: 5.214 Executing VM operation: Cleanup done
Event: 5.539 Executing VM operation: G1CollectForAllocation
Event: 5.554 Executing VM operation: G1CollectForAllocation done
Event: 6.357 Executing VM operation: HandshakeAllThreads
Event: 6.358 Executing VM operation: HandshakeAllThreads done
Event: 7.359 Executing VM operation: Cleanup
Event: 7.359 Executing VM operation: Cleanup done
Event: 8.359 Executing VM operation: Cleanup
Event: 8.360 Executing VM operation: Cleanup done
Event: 9.360 Executing VM operation: Cleanup
Event: 9.360 Executing VM operation: Cleanup done
Event: 11.361 Executing VM operation: Cleanup
Event: 11.361 Executing VM operation: Cleanup done
Event: 11.556 Executing VM operation: Exit

Events (20 events):
Event: 5.916 Thread 0x000002b17902b3e0 Thread added: 0x000002b17902b3e0
Event: 6.071 Thread 0x000002b17b6e02f0 Thread exited: 0x000002b17b6e02f0
Event: 6.132 Thread 0x000002b1069216e0 Thread added: 0x000002b1069216e0
Event: 6.137 Thread 0x000002b106921c60 Thread added: 0x000002b106921c60
Event: 6.765 Thread 0x000002b106921c60 Thread exited: 0x000002b106921c60
Event: 7.428 Thread 0x000002b1069216e0 Thread exited: 0x000002b1069216e0
Event: 11.353 Thread 0x000002b1788551b0 Thread added: 0x000002b1788551b0
Event: 11.353 Thread 0x000002b178858c20 Thread added: 0x000002b178858c20
Event: 11.353 Thread 0x000002b178858180 Thread added: 0x000002b178858180
Event: 11.353 Thread 0x000002b17902ae90 Thread exited: 0x000002b17902ae90
Event: 11.353 Thread 0x000002b178857190 Thread added: 0x000002b178857190
Event: 11.354 Thread 0x000002b17885bbf0 Thread added: 0x000002b17885bbf0
Event: 11.354 Thread 0x000002b178858c20 Thread exited: 0x000002b178858c20
Event: 11.354 Thread 0x000002b178857190 Thread exited: 0x000002b178857190
Event: 11.355 Thread 0x000002b17902be80 Thread exited: 0x000002b17902be80
Event: 11.355 Thread 0x000002b17885bbf0 Thread exited: 0x000002b17885bbf0
Event: 11.417 Thread 0x000002b17902b930 Thread exited: 0x000002b17902b930
Event: 11.429 Thread 0x000002b1788551b0 Thread exited: 0x000002b1788551b0
Event: 11.464 Thread 0x000002b178c09200 Thread exited: 0x000002b178c09200
Event: 11.555 Thread 0x000002b178858180 Thread exited: 0x000002b178858180


Dynamic libraries:
0x00007ff6d7650000 - 0x00007ff6d765e000 	C:\Users\egleagr\.jdks\openjdk-19.0.2\bin\java.exe
0x00007fff3ce10000 - 0x00007fff3d008000 	C:\Windows\SYSTEM32\ntdll.dll
0x00007fff3ba00000 - 0x00007fff3babf000 	C:\Windows\System32\KERNEL32.DLL
0x00007fff3a710000 - 0x00007fff3a9e2000 	C:\Windows\System32\KERNELBASE.dll
0x00007fff3a9f0000 - 0x00007fff3aaf0000 	C:\Windows\System32\ucrtbase.dll
0x00007fff35430000 - 0x00007fff35447000 	C:\Users\egleagr\.jdks\openjdk-19.0.2\bin\jli.dll
0x00007fff35410000 - 0x00007fff3542b000 	C:\Users\egleagr\.jdks\openjdk-19.0.2\bin\VCRUNTIME140.dll
0x00007fff3b2f0000 - 0x00007fff3b491000 	C:\Windows\System32\USER32.dll
0x00007fff3aaf0000 - 0x00007fff3ab12000 	C:\Windows\System32\win32u.dll
0x00007fff1de00000 - 0x00007fff1e09a000 	C:\Windows\WinSxS\amd64_microsoft.windows.common-controls_6595b64144ccf1df_6.0.19041.1110_none_60b5254171f9507e\COMCTL32.dll
0x00007fff3c9f0000 - 0x00007fff3ca1b000 	C:\Windows\System32\GDI32.dll
0x00007fff3bac0000 - 0x00007fff3bb5e000 	C:\Windows\System32\msvcrt.dll
0x00007fff3a5b0000 - 0x00007fff3a6bf000 	C:\Windows\System32\gdi32full.dll
0x00007fff3a510000 - 0x00007fff3a5ad000 	C:\Windows\System32\msvcp_win.dll
0x00007fff3c830000 - 0x00007fff3c860000 	C:\Windows\System32\IMM32.DLL
0x000002b146e90000 - 0x000002b146ea4000 	C:\Windows\System32\umppc16510.dll
0x00007fff3a160000 - 0x00007fff3a2a3000 	C:\Program Files\Avecto\Privilege Guard Client\PGHook.dll
0x00007fff35400000 - 0x00007fff3540c000 	C:\Users\egleagr\.jdks\openjdk-19.0.2\bin\vcruntime140_1.dll
0x00007fff00590000 - 0x00007fff0061e000 	C:\Users\egleagr\.jdks\openjdk-19.0.2\bin\msvcp140.dll
0x00007ffed3350000 - 0x00007ffed4010000 	C:\Users\egleagr\.jdks\openjdk-19.0.2\bin\server\jvm.dll
0x00007fff3c940000 - 0x00007fff3c9ee000 	C:\Windows\System32\ADVAPI32.dll
0x00007fff3b590000 - 0x00007fff3b62c000 	C:\Windows\System32\sechost.dll
0x00007fff3bec0000 - 0x00007fff3bfe4000 	C:\Windows\System32\RPCRT4.dll
0x00007fff16e70000 - 0x00007fff16e79000 	C:\Windows\SYSTEM32\WSOCK32.dll
0x00007fff3bc10000 - 0x00007fff3bc7b000 	C:\Windows\System32\WS2_32.dll
0x00007fff14430000 - 0x00007fff14457000 	C:\Windows\SYSTEM32\WINMM.dll
0x00007fff28a90000 - 0x00007fff28a9a000 	C:\Windows\SYSTEM32\VERSION.dll
0x00007fff38dc0000 - 0x00007fff38dd2000 	C:\Windows\SYSTEM32\kernel.appcore.dll
0x00007fff353f0000 - 0x00007fff353fa000 	C:\Users\egleagr\.jdks\openjdk-19.0.2\bin\jimage.dll
0x00007fff37d40000 - 0x00007fff37f24000 	C:\Windows\SYSTEM32\DBGHELP.DLL
0x00007fff13c90000 - 0x00007fff13cc5000 	C:\Windows\SYSTEM32\dbgcore.DLL
0x00007fff3ab90000 - 0x00007fff3ac12000 	C:\Windows\System32\bcryptPrimitives.dll
0x00007fff1f3c0000 - 0x00007fff1f3ce000 	C:\Users\egleagr\.jdks\openjdk-19.0.2\bin\instrument.dll
0x00007fff09cd0000 - 0x00007fff09cf6000 	C:\Users\egleagr\.jdks\openjdk-19.0.2\bin\java.dll
0x00007ffeff130000 - 0x00007ffeff207000 	C:\Users\egleagr\.jdks\openjdk-19.0.2\bin\jsvml.dll
0x00007fff3c010000 - 0x00007fff3c755000 	C:\Windows\System32\SHELL32.dll
0x00007fff382c0000 - 0x00007fff38a52000 	C:\Windows\SYSTEM32\windows.storage.dll
0x00007fff3b6a0000 - 0x00007fff3b9f5000 	C:\Windows\System32\combase.dll
0x00007fff39c50000 - 0x00007fff39c80000 	C:\Windows\SYSTEM32\Wldp.dll
0x00007fff3bb60000 - 0x00007fff3bc0d000 	C:\Windows\System32\SHCORE.dll
0x00007fff3b530000 - 0x00007fff3b585000 	C:\Windows\System32\shlwapi.dll
0x00007fff3a450000 - 0x00007fff3a46f000 	C:\Windows\SYSTEM32\profapi.dll
0x00007fff04f00000 - 0x00007fff04f18000 	C:\Users\egleagr\.jdks\openjdk-19.0.2\bin\zip.dll
0x00007fff09f60000 - 0x00007fff09f73000 	C:\Users\egleagr\.jdks\openjdk-19.0.2\bin\net.dll
0x00007fff39300000 - 0x00007fff3940a000 	C:\Windows\SYSTEM32\WINHTTP.dll
0x00007fff39a40000 - 0x00007fff39aaa000 	C:\Windows\system32\mswsock.dll
0x00007fff04f20000 - 0x00007fff04f36000 	C:\Users\egleagr\.jdks\openjdk-19.0.2\bin\nio.dll
0x00007fff04ee0000 - 0x00007fff04efa000 	C:\Program Files\JetBrains\IntelliJ IDEA Community Edition 2022.3.2\bin\breakgen64.dll
0x00007fff05bf0000 - 0x00007fff05bf8000 	C:\Users\egleagr\.jdks\openjdk-19.0.2\bin\extnet.dll
0x00007ffefe410000 - 0x00007ffefe5a0000 	C:\Users\egleagr\.jdks\openjdk-19.0.2\bin\awt.dll
0x00007fff3c760000 - 0x00007fff3c82d000 	C:\Windows\System32\OLEAUT32.dll
0x00007fff37380000 - 0x00007fff37410000 	C:\Windows\SYSTEM32\apphelp.dll
0x00007fff37500000 - 0x00007fff3759e000 	C:\Windows\system32\uxtheme.dll
0x00007fff3ca20000 - 0x00007fff3cb34000 	C:\Windows\System32\MSCTF.dll
0x00007fff3bc80000 - 0x00007fff3bdaa000 	C:\Windows\System32\ole32.dll
0x00007fff37640000 - 0x00007fff3766f000 	C:\Windows\system32\DWMAPI.DLL
0x00007ffef0240000 - 0x00007ffef0365000 	C:\Windows\system32\opengl32.dll
0x00007ffef0210000 - 0x00007ffef023c000 	C:\Windows\SYSTEM32\GLU32.dll
0x00007fff39ca0000 - 0x00007fff39cb8000 	C:\Windows\SYSTEM32\CRYPTSP.dll
0x00007fff39270000 - 0x00007fff392a4000 	C:\Windows\system32\rsaenh.dll
0x00007fff3ad80000 - 0x00007fff3ada7000 	C:\Windows\System32\bcrypt.dll
0x00007fff3a410000 - 0x00007fff3a43e000 	C:\Windows\SYSTEM32\USERENV.dll
0x00007fff39c80000 - 0x00007fff39c8c000 	C:\Windows\SYSTEM32\CRYPTBASE.dll
0x00007fff39750000 - 0x00007fff3978b000 	C:\Windows\SYSTEM32\IPHLPAPI.DLL
0x00007fff3b630000 - 0x00007fff3b638000 	C:\Windows\System32\NSI.dll
0x00007fff29450000 - 0x00007fff29467000 	C:\Windows\SYSTEM32\dhcpcsvc6.DLL
0x00007fff2e4c0000 - 0x00007fff2e4dd000 	C:\Windows\SYSTEM32\dhcpcsvc.DLL
0x00007fff39790000 - 0x00007fff3985b000 	C:\Windows\SYSTEM32\DNSAPI.dll
0x00007ffeff0a0000 - 0x00007ffeff126000 	C:\Users\egleagr\.jdks\openjdk-19.0.2\bin\freetype.dll
0x00007ffefe340000 - 0x00007ffefe406000 	C:\Users\egleagr\.jdks\openjdk-19.0.2\bin\fontmanager.dll
0x00007fff20670000 - 0x00007fff20769000 	C:\Windows\SYSTEM32\textinputframework.dll
0x00007fff36950000 - 0x00007fff36cae000 	C:\Windows\System32\CoreUIComponents.dll
0x00007fff37150000 - 0x00007fff37242000 	C:\Windows\System32\CoreMessaging.dll
0x00007fff394c0000 - 0x00007fff394f3000 	C:\Windows\SYSTEM32\ntmarta.dll
0x00007fff35890000 - 0x00007fff359e4000 	C:\Windows\SYSTEM32\wintypes.dll
0x00007fff11570000 - 0x00007fff115d6000 	C:\Windows\system32\Oleacc.dll
0x00007fff3bdb0000 - 0x00007fff3be59000 	C:\Windows\System32\clbcatq.dll
0x00007fff33d60000 - 0x00007fff33f14000 	C:\Windows\SYSTEM32\WindowsCodecs.dll
0x00007fff38b10000 - 0x00007fff38c03000 	C:\Windows\system32\dxgi.dll
0x00007fff3ae60000 - 0x00007fff3ae68000 	C:\Windows\System32\psapi.dll
0x0000000000330000 - 0x000000000033d000 	C:\RubicCube\lib\gluegen_rt.dll
0x00007ffeffc40000 - 0x00007ffeffc47000 	C:\Users\egleagr\.jdks\openjdk-19.0.2\bin\jawt.dll
0x0000000000340000 - 0x000000000034d000 	C:\RubicCube\lib\nativewindow_awt.dll
0x0000000000350000 - 0x0000000000360000 	C:\RubicCube\lib\nativewindow_win32.dll
0x0000000000360000 - 0x00000000003e5000 	C:\RubicCube\lib\jogl_desktop.dll
0x00000000003f0000 - 0x0000000000441000 	C:\RubicCube\lib\jogl_mobile.dll
0x00007ffecd9f0000 - 0x00007ffecea99000 	C:\Windows\System32\DriverStore\FileRepository\iigd_dch.inf_amd64_33a6982ac1e20313\igxelpicd64.dll
0x00007ffeedfe0000 - 0x00007ffeee104000 	C:\Windows\System32\DriverStore\FileRepository\iigd_dch.inf_amd64_33a6982ac1e20313\igdml64.dll
0x00007fff2d490000 - 0x00007fff2d8a2000 	C:\Windows\System32\DriverStore\FileRepository\iigd_dch.inf_amd64_33a6982ac1e20313\igdgmm64.dll
0x00007fff24630000 - 0x00007fff28a6e000 	C:\Windows\System32\DriverStore\FileRepository\iigd_dch.inf_amd64_33a6982ac1e20313\igc64.dll
0x00007fff3a380000 - 0x00007fff3a3cb000 	C:\Windows\SYSTEM32\powrprof.dll
0x00007fff3a360000 - 0x00007fff3a372000 	C:\Windows\SYSTEM32\UMPDC.dll
0x0000000000450000 - 0x0000000000463000 	C:\RubicCube\lib\newt_head.dll
0x00007fff33750000 - 0x00007fff337fe000 	C:\Windows\SYSTEM32\mscms.dll
0x00007fff336c0000 - 0x00007fff336d1000 	C:\Windows\SYSTEM32\ColorAdapterClient.dll
0x00007ffeedf90000 - 0x00007ffeedfd3000 	C:\Windows\SYSTEM32\icm32.dll
0x00007fff3ae80000 - 0x00007fff3b2e8000 	C:\Windows\System32\setupapi.dll
0x00007fff3a6c0000 - 0x00007fff3a70e000 	C:\Windows\System32\cfgmgr32.dll
0x00007fff3a100000 - 0x00007fff3a12c000 	C:\Windows\SYSTEM32\DEVOBJ.dll
0x00007fff3ab20000 - 0x00007fff3ab89000 	C:\Windows\System32\WINTRUST.dll
0x00007fff3ac20000 - 0x00007fff3ad76000 	C:\Windows\System32\CRYPT32.dll
0x00007fff39f40000 - 0x00007fff39f52000 	C:\Windows\SYSTEM32\MSASN1.dll
0x00007fff05a80000 - 0x00007fff05a90000 	C:\Users\egleagr\.jdks\openjdk-19.0.2\bin\verify.dll
0x00007fff2fe60000 - 0x00007fff2fe9b000 	C:\Windows\SYSTEM32\dxcore.dll

dbghelp: loaded successfully - version: 4.0.5 - missing functions: none
symbol engine: initialized successfully - sym options: 0x614 - pdb path: .;C:\Users\egleagr\.jdks\openjdk-19.0.2\bin;C:\Windows\SYSTEM32;C:\Windows\WinSxS\amd64_microsoft.windows.common-controls_6595b64144ccf1df_6.0.19041.1110_none_60b5254171f9507e;C:\Program Files\Avecto\Privilege Guard Client;C:\Users\egleagr\.jdks\openjdk-19.0.2\bin\server;C:\Program Files\JetBrains\IntelliJ IDEA Community Edition 2022.3.2\bin;C:\RubicCube\lib;C:\Windows\System32\DriverStore\FileRepository\iigd_dch.inf_amd64_33a6982ac1e20313

VM Arguments:
jvm_args: -Djava.library.path=C:\RubicCube\lib -javaagent:C:\Program Files\JetBrains\IntelliJ IDEA Community Edition 2022.3.2\lib\idea_rt.jar=54080:C:\Program Files\JetBrains\IntelliJ IDEA Community Edition 2022.3.2\bin -Dfile.encoding=UTF-8 -Dsun.stdout.encoding=UTF-8 -Dsun.stderr.encoding=UTF-8 
java_command: MainApp
java_class_path (initial): C:\RubicCube\RubicCube\out\production\RubicCube;C:\RubicCube\lib\core.jar;C:\RubicCube\lib\Main.jar;C:\RubicCube\lib\jogl-all.jar;C:\RubicCube\lib\peasycam.jar;C:\RubicCube\lib\gluegen-rt.jar;C:\RubicCube\lib\gson-2.8.9.jar;C:\RubicCube\lib\peasy-math.jar
Launcher Type: SUN_STANDARD

[Global flags]
     intx CICompilerCount                          = 4                                         {product} {ergonomic}
     uint ConcGCThreads                            = 3                                         {product} {ergonomic}
     uint G1ConcRefinementThreads                  = 10                                        {product} {ergonomic}
   size_t G1HeapRegionSize                         = 4194304                                   {product} {ergonomic}
    uintx GCDrainStackTargetSize                   = 64                                        {product} {ergonomic}
   size_t InitialHeapSize                          = 532676608                                 {product} {ergonomic}
   size_t MarkStackSize                            = 4194304                                   {product} {ergonomic}
   size_t MaxHeapSize                              = 8497659904                                {product} {ergonomic}
   size_t MaxNewSize                               = 5096079360                                {product} {ergonomic}
   size_t MinHeapDeltaBytes                        = 4194304                                   {product} {ergonomic}
   size_t MinHeapSize                              = 8388608                                   {product} {ergonomic}
    uintx NonNMethodCodeHeapSize                   = 5839372                                {pd product} {ergonomic}
    uintx NonProfiledCodeHeapSize                  = 122909434                              {pd product} {ergonomic}
    uintx ProfiledCodeHeapSize                     = 122909434                              {pd product} {ergonomic}
    uintx ReservedCodeCacheSize                    = 251658240                              {pd product} {ergonomic}
     bool SegmentedCodeCache                       = true                                      {product} {ergonomic}
   size_t SoftMaxHeapSize                          = 8497659904                             {manageable} {ergonomic}
     bool UseCompressedClassPointers               = true                           {product lp64_product} {ergonomic}
     bool UseCompressedOops                        = true                           {product lp64_product} {ergonomic}
     bool UseG1GC                                  = true                                      {product} {ergonomic}
     bool UseLargePagesIndividualAllocation        = false                                  {pd product} {ergonomic}

Logging:
Log output configuration:
 #0: stdout all=off uptime,level,tags foldmultilines=false
 #1: stderr all=off uptime,level,tags foldmultilines=false

Environment Variables:
PATH=C:\Program Files\Common Files\Oracle\Java\javapath;C:\Windows\system32;C:\Windows;C:\Windows\System32\Wbem;C:\Windows\System32\WindowsPowerShell\v1.0\;C:\Windows\System32\OpenSSH\;C:\Program Files\dotnet\;C:\Program Files\nodejs\;C:\Program Files\Microsoft SQL Server\150\Tools\Binn\;C:\Program Files\Microsoft SQL Server\Client SDK\ODBC\170\Tools\Binn\;C:\Users\egleagr\AppData\Local\Microsoft\WindowsApps;C:\Users\egleagr\AppData\Local\Programs\Git\cmd;C:\Users\egleagr\AppData\Local\Programs\php;C:\Users\egleagr\AppData\Local\Programs\composer;C:\Users\egleagr\AppData\Roaming\npm;C:\Program Files\JetBrains\IntelliJ IDEA Community Edition 2022.3.2\bin;;C:\processing;C:\Users\egleagr\.dotnet\tools;C:\Users\egleagr\AppData\Local\Programs\Microsoft VS Code\bin
USERNAME=egleagr
OS=Windows_NT
PROCESSOR_IDENTIFIER=Intel64 Family 6 Model 154 Stepping 4, GenuineIntel
TMP=C:\Users\egleagr\AppData\Local\Temp
TEMP=C:\Users\egleagr\AppData\Local\Temp



---------------  S Y S T E M  ---------------

OS:
 Windows 10 , 64 bit Build 19041 (10.0.19041.2546)
OS uptime: 0 days 4:39 hours
Hyper-V role detected

CPU: total 12 (initial active 12) (6 cores per cpu, 2 threads per core) family 6 model 154 stepping 4 microcode 0x423, cx8, cmov, fxsr, ht, mmx, 3dnowpref, sse, sse2, sse3, ssse3, sse4.1, sse4.2, popcnt, lzcnt, tsc, tscinvbit, avx, avx2, aes, erms, clmul, bmi1, bmi2, adx, sha, fma, vzeroupper, clflush, clflushopt, clwb, hv, rdtscp, rdpid, fsrm

Memory: 4k page, system-wide physical 32400M (22042M free)
TotalPageFile size 37264M (AvailPageFile size 26288M)
current process WorkingSet (physical memory assigned to process): 331M, peak: 346M
current process commit charge ("private bytes"): 837M, peak: 856M

vm_info: OpenJDK 64-Bit Server VM (19.0.2+7-44) for windows-amd64 JRE (19.0.2+7-44), built on 2022-11-30T18:02:09Z by "mach5one" with MS VC++ 17.1 (VS2022)

END.
